[    10 Steps] Train Loss:   3.161, Train accuracy: 0.06250(   3.201 sec/batch)
[    20 Steps] Train Loss:   3.229, Train accuracy: 0.06250(   2.809 sec/batch)
[    30 Steps] Train Loss:   3.224, Train accuracy: 0.18750(   2.788 sec/batch)
[    40 Steps] Train Loss:   3.176, Train accuracy: 0.06250(   2.817 sec/batch)
[    50 Steps] Train Loss:   3.294, Train accuracy: 0.03125(   2.739 sec/batch)
[    60 Steps] Train Loss:   3.204, Train accuracy: 0.09375(   2.878 sec/batch)
[    70 Steps] Train Loss:   3.262, Train accuracy: 0.09375(   2.889 sec/batch)
[    80 Steps] Train Loss:   3.342, Train accuracy: 0.06250(   2.766 sec/batch)
[    90 Steps] Train Loss:   3.198, Train accuracy: 0.06250(   2.709 sec/batch)
[   100 Steps] Train Loss:   3.189, Train accuracy: 0.09375(   2.720 sec/batch)
[   100 Steps] Average Test accuracy: 0.06250
[   110 Steps] Train Loss:   3.280, Train accuracy: 0.03125(   2.715 sec/batch)
[   120 Steps] Train Loss:   3.140, Train accuracy: 0.09375(   2.769 sec/batch)
[   130 Steps] Train Loss:   3.181, Train accuracy: 0.06250(   2.753 sec/batch)
[   140 Steps] Train Loss:   3.229, Train accuracy: 0.03125(   2.732 sec/batch)
[   150 Steps] Train Loss:   3.224, Train accuracy: 0.15625(   2.764 sec/batch)
[   160 Steps] Train Loss:   3.250, Train accuracy: 0.06250(   2.814 sec/batch)
[   170 Steps] Train Loss:   3.221, Train accuracy: 0.06250(   2.781 sec/batch)
[   180 Steps] Train Loss:   3.246, Train accuracy: 0.09375(   2.769 sec/batch)
[   190 Steps] Train Loss:   3.192, Train accuracy: 0.09375(   2.701 sec/batch)
[   200 Steps] Train Loss:   3.241, Train accuracy: 0.03125(   2.785 sec/batch)
[   200 Steps] Average Test accuracy: 0.06250
[   210 Steps] Train Loss:   3.221, Train accuracy: 0.03125(   2.837 sec/batch)
[   220 Steps] Train Loss:   3.205, Train accuracy: 0.12500(   2.759 sec/batch)
[   230 Steps] Train Loss:   3.161, Train accuracy: 0.18750(   2.738 sec/batch)
[   240 Steps] Train Loss:   3.187, Train accuracy: 0.06250(   2.748 sec/batch)
[   250 Steps] Train Loss:   3.164, Train accuracy: 0.12500(   2.801 sec/batch)
[   260 Steps] Train Loss:   3.030, Train accuracy: 0.15625(   2.735 sec/batch)
[   270 Steps] Train Loss:   2.767, Train accuracy: 0.18750(   2.979 sec/batch)
[   280 Steps] Train Loss:   2.621, Train accuracy: 0.21875(   2.915 sec/batch)
[   290 Steps] Train Loss:   3.078, Train accuracy: 0.06250(   2.709 sec/batch)
[   300 Steps] Train Loss:   2.855, Train accuracy: 0.12500(   2.786 sec/batch)
[   300 Steps] Average Test accuracy: 0.12812
[   310 Steps] Train Loss:   2.854, Train accuracy: 0.06250(   2.694 sec/batch)
[   320 Steps] Train Loss:   2.662, Train accuracy: 0.15625(   2.692 sec/batch)
[   330 Steps] Train Loss:   2.468, Train accuracy: 0.18750(   2.785 sec/batch)
[   340 Steps] Train Loss:   2.586, Train accuracy: 0.21875(   2.745 sec/batch)
[   350 Steps] Train Loss:   2.712, Train accuracy: 0.15625(   2.738 sec/batch)
[   360 Steps] Train Loss:   2.503, Train accuracy: 0.15625(   2.767 sec/batch)
[   370 Steps] Train Loss:   2.531, Train accuracy: 0.21875(   2.771 sec/batch)
[   380 Steps] Train Loss:   2.713, Train accuracy: 0.18750(   2.727 sec/batch)
[   390 Steps] Train Loss:   2.314, Train accuracy: 0.18750(   2.819 sec/batch)
[   400 Steps] Train Loss:   2.588, Train accuracy: 0.25000(   2.732 sec/batch)
[   400 Steps] Average Test accuracy: 0.16875
[   410 Steps] Train Loss:   2.460, Train accuracy: 0.15625(   2.805 sec/batch)
[   420 Steps] Train Loss:   2.573, Train accuracy: 0.34375(   2.742 sec/batch)
[   430 Steps] Train Loss:   2.285, Train accuracy: 0.43750(   2.761 sec/batch)
[   440 Steps] Train Loss:   2.317, Train accuracy: 0.28125(   2.783 sec/batch)
[   450 Steps] Train Loss:   2.229, Train accuracy: 0.28125(   2.768 sec/batch)
[   460 Steps] Train Loss:   2.144, Train accuracy: 0.37500(   2.799 sec/batch)
[   470 Steps] Train Loss:   2.063, Train accuracy: 0.40625(   2.810 sec/batch)
[   480 Steps] Train Loss:   2.105, Train accuracy: 0.34375(   2.764 sec/batch)
[   490 Steps] Train Loss:   2.048, Train accuracy: 0.50000(   2.750 sec/batch)
[   500 Steps] Train Loss:   1.966, Train accuracy: 0.34375(   2.740 sec/batch)
[   500 Steps] Average Test accuracy: 0.20625
[   510 Steps] Train Loss:   2.070, Train accuracy: 0.40625(   2.798 sec/batch)
[   520 Steps] Train Loss:   1.656, Train accuracy: 0.50000(   2.843 sec/batch)
[   530 Steps] Train Loss:   2.268, Train accuracy: 0.37500(   2.735 sec/batch)
[   540 Steps] Train Loss:   2.003, Train accuracy: 0.40625(   2.764 sec/batch)
[   550 Steps] Train Loss:   2.210, Train accuracy: 0.34375(   2.772 sec/batch)
[   560 Steps] Train Loss:   2.135, Train accuracy: 0.25000(   2.728 sec/batch)
[   570 Steps] Train Loss:   1.725, Train accuracy: 0.53125(   2.736 sec/batch)
[   580 Steps] Train Loss:   1.716, Train accuracy: 0.40625(   2.767 sec/batch)
[   590 Steps] Train Loss:   2.229, Train accuracy: 0.34375(   2.815 sec/batch)
[   600 Steps] Train Loss:   1.859, Train accuracy: 0.46875(   2.734 sec/batch)
[   600 Steps] Average Test accuracy: 0.25312
[   610 Steps] Train Loss:   1.805, Train accuracy: 0.40625(   2.811 sec/batch)
[   620 Steps] Train Loss:   1.700, Train accuracy: 0.50000(   2.740 sec/batch)
[   630 Steps] Train Loss:   1.601, Train accuracy: 0.43750(   2.748 sec/batch)
[   640 Steps] Train Loss:   1.825, Train accuracy: 0.40625(   2.748 sec/batch)
[   650 Steps] Train Loss:   1.647, Train accuracy: 0.59375(   2.713 sec/batch)
[   660 Steps] Train Loss:   1.578, Train accuracy: 0.65625(   2.741 sec/batch)
[   670 Steps] Train Loss:   1.366, Train accuracy: 0.65625(   2.702 sec/batch)
[   680 Steps] Train Loss:   1.088, Train accuracy: 0.75000(   2.831 sec/batch)
[   690 Steps] Train Loss:   1.779, Train accuracy: 0.43750(   2.784 sec/batch)
[   700 Steps] Train Loss:   1.766, Train accuracy: 0.56250(   2.750 sec/batch)
[   700 Steps] Average Test accuracy: 0.34375
[   710 Steps] Train Loss:   1.326, Train accuracy: 0.68750(   2.707 sec/batch)
[   720 Steps] Train Loss:   1.502, Train accuracy: 0.59375(   2.820 sec/batch)
[   730 Steps] Train Loss:   1.531, Train accuracy: 0.56250(   2.719 sec/batch)
[   740 Steps] Train Loss:   1.354, Train accuracy: 0.53125(   2.680 sec/batch)
[   750 Steps] Train Loss:   1.331, Train accuracy: 0.62500(   2.717 sec/batch)
[   760 Steps] Train Loss:   1.578, Train accuracy: 0.50000(   2.711 sec/batch)
[   770 Steps] Train Loss:   1.520, Train accuracy: 0.53125(   2.746 sec/batch)
[   780 Steps] Train Loss:   1.418, Train accuracy: 0.71875(   2.704 sec/batch)
[   790 Steps] Train Loss:   1.031, Train accuracy: 0.75000(   2.784 sec/batch)
[   800 Steps] Train Loss:   1.303, Train accuracy: 0.65625(   2.740 sec/batch)
[   800 Steps] Average Test accuracy: 0.30938
[   810 Steps] Train Loss:   1.790, Train accuracy: 0.53125(   2.710 sec/batch)
[   820 Steps] Train Loss:   1.280, Train accuracy: 0.75000(   2.752 sec/batch)
[   830 Steps] Train Loss:   1.135, Train accuracy: 0.78125(   2.759 sec/batch)
[   840 Steps] Train Loss:   1.274, Train accuracy: 0.62500(   2.724 sec/batch)
[   850 Steps] Train Loss:   1.482, Train accuracy: 0.53125(   2.796 sec/batch)
[   860 Steps] Train Loss:   1.147, Train accuracy: 0.78125(   2.782 sec/batch)
[   870 Steps] Train Loss:   1.174, Train accuracy: 0.62500(   2.791 sec/batch)
[   880 Steps] Train Loss:   1.047, Train accuracy: 0.78125(   2.753 sec/batch)
[   890 Steps] Train Loss:   1.118, Train accuracy: 0.75000(   2.721 sec/batch)
[   900 Steps] Train Loss:   0.835, Train accuracy: 0.81250(   2.949 sec/batch)
[   900 Steps] Average Test accuracy: 0.37500
[   910 Steps] Train Loss:   0.994, Train accuracy: 0.81250(   2.777 sec/batch)
[   920 Steps] Train Loss:   1.028, Train accuracy: 0.81250(   2.724 sec/batch)
[   930 Steps] Train Loss:   0.997, Train accuracy: 0.75000(   2.915 sec/batch)
[   940 Steps] Train Loss:   0.949, Train accuracy: 0.84375(   2.739 sec/batch)
[   950 Steps] Train Loss:   0.980, Train accuracy: 0.78125(   2.825 sec/batch)
[   960 Steps] Train Loss:   1.065, Train accuracy: 0.78125(   2.785 sec/batch)
[   970 Steps] Train Loss:   0.765, Train accuracy: 0.84375(   2.761 sec/batch)
[   980 Steps] Train Loss:   0.819, Train accuracy: 0.78125(   2.768 sec/batch)
[   990 Steps] Train Loss:   1.111, Train accuracy: 0.75000(   2.713 sec/batch)
[  1000 Steps] Train Loss:   0.978, Train accuracy: 0.75000(   2.893 sec/batch)
[  1000 Steps] Average Test accuracy: 0.41563
[  1010 Steps] Train Loss:   0.643, Train accuracy: 0.93750(   2.700 sec/batch)
[  1020 Steps] Train Loss:   0.760, Train accuracy: 0.87500(   2.750 sec/batch)
[  1030 Steps] Train Loss:   0.586, Train accuracy: 0.93750(   2.814 sec/batch)
[  1040 Steps] Train Loss:   0.986, Train accuracy: 0.78125(   2.711 sec/batch)
[  1050 Steps] Train Loss:   0.705, Train accuracy: 0.90625(   2.727 sec/batch)
[  1060 Steps] Train Loss:   0.713, Train accuracy: 0.96875(   2.741 sec/batch)
[  1070 Steps] Train Loss:   0.843, Train accuracy: 0.71875(   2.725 sec/batch)
[  1080 Steps] Train Loss:   0.711, Train accuracy: 0.90625(   2.720 sec/batch)
[  1090 Steps] Train Loss:   0.643, Train accuracy: 0.93750(   2.731 sec/batch)
[  1100 Steps] Train Loss:   0.897, Train accuracy: 0.81250(   2.758 sec/batch)
[  1100 Steps] Average Test accuracy: 0.34375
[  1110 Steps] Train Loss:   0.907, Train accuracy: 0.84375(   2.763 sec/batch)
[  1120 Steps] Train Loss:   0.672, Train accuracy: 0.87500(   2.699 sec/batch)
[  1130 Steps] Train Loss:   0.584, Train accuracy: 0.96875(   2.730 sec/batch)
[  1140 Steps] Train Loss:   0.659, Train accuracy: 0.90625(   2.953 sec/batch)
[  1150 Steps] Train Loss:   0.764, Train accuracy: 0.87500(   2.787 sec/batch)
[  1160 Steps] Train Loss:   0.617, Train accuracy: 0.90625(   2.752 sec/batch)
[  1170 Steps] Train Loss:   0.690, Train accuracy: 0.90625(   2.770 sec/batch)
[  1180 Steps] Train Loss:   0.955, Train accuracy: 0.84375(   2.746 sec/batch)
[  1190 Steps] Train Loss:   0.618, Train accuracy: 0.90625(   2.756 sec/batch)
[  1200 Steps] Train Loss:   0.556, Train accuracy: 0.96875(   2.748 sec/batch)
[  1200 Steps] Average Test accuracy: 0.38750
[  1210 Steps] Train Loss:   0.571, Train accuracy: 0.93750(   2.784 sec/batch)
[  1220 Steps] Train Loss:   0.539, Train accuracy: 0.96875(   2.762 sec/batch)
[  1230 Steps] Train Loss:   0.654, Train accuracy: 0.87500(   2.730 sec/batch)
[  1240 Steps] Train Loss:   0.476, Train accuracy: 1.00000(   2.782 sec/batch)
[  1250 Steps] Train Loss:   0.570, Train accuracy: 0.90625(   2.680 sec/batch)
[  1260 Steps] Train Loss:   0.524, Train accuracy: 0.96875(   2.829 sec/batch)
[  1270 Steps] Train Loss:   0.518, Train accuracy: 1.00000(   2.809 sec/batch)
[  1280 Steps] Train Loss:   0.547, Train accuracy: 0.93750(   2.737 sec/batch)
[  1290 Steps] Train Loss:   0.478, Train accuracy: 0.96875(   2.749 sec/batch)
[  1300 Steps] Train Loss:   0.895, Train accuracy: 0.84375(   2.855 sec/batch)
[  1300 Steps] Average Test accuracy: 0.38750
[  1310 Steps] Train Loss:   0.677, Train accuracy: 0.87500(   2.726 sec/batch)
[  1320 Steps] Train Loss:   0.491, Train accuracy: 0.96875(   2.726 sec/batch)
[  1330 Steps] Train Loss:   0.581, Train accuracy: 0.93750(   2.751 sec/batch)
[  1340 Steps] Train Loss:   0.563, Train accuracy: 0.93750(   2.794 sec/batch)
[  1350 Steps] Train Loss:   0.480, Train accuracy: 1.00000(   2.761 sec/batch)
[  1360 Steps] Train Loss:   0.518, Train accuracy: 0.93750(   2.812 sec/batch)
[  1370 Steps] Train Loss:   0.667, Train accuracy: 0.90625(   2.784 sec/batch)
[  1380 Steps] Train Loss:   0.504, Train accuracy: 1.00000(   2.746 sec/batch)
[  1390 Steps] Train Loss:   0.664, Train accuracy: 0.87500(   2.724 sec/batch)
[  1400 Steps] Train Loss:   0.635, Train accuracy: 0.90625(   2.768 sec/batch)
[  1400 Steps] Average Test accuracy: 0.41875
[  1410 Steps] Train Loss:   0.499, Train accuracy: 0.96875(   2.805 sec/batch)
[  1420 Steps] Train Loss:   0.505, Train accuracy: 0.96875(   2.780 sec/batch)
[  1430 Steps] Train Loss:   0.552, Train accuracy: 0.93750(   2.833 sec/batch)
[  1440 Steps] Train Loss:   0.488, Train accuracy: 1.00000(   2.806 sec/batch)
[  1450 Steps] Train Loss:   0.569, Train accuracy: 0.93750(   2.830 sec/batch)
[  1460 Steps] Train Loss:   0.456, Train accuracy: 1.00000(   2.710 sec/batch)
[  1470 Steps] Train Loss:   0.606, Train accuracy: 0.93750(   2.703 sec/batch)
[  1480 Steps] Train Loss:   0.461, Train accuracy: 1.00000(   2.735 sec/batch)
[  1490 Steps] Train Loss:   0.443, Train accuracy: 1.00000(   2.735 sec/batch)
[  1500 Steps] Train Loss:   0.484, Train accuracy: 1.00000(   2.821 sec/batch)
[  1500 Steps] Average Test accuracy: 0.41563
[  1510 Steps] Train Loss:   0.503, Train accuracy: 0.96875(   2.805 sec/batch)
[  1520 Steps] Train Loss:   0.646, Train accuracy: 0.84375(   2.816 sec/batch)
[  1530 Steps] Train Loss:   0.479, Train accuracy: 0.96875(   2.749 sec/batch)
[  1540 Steps] Train Loss:   0.569, Train accuracy: 0.96875(   2.781 sec/batch)
[  1550 Steps] Train Loss:   0.521, Train accuracy: 0.96875(   2.780 sec/batch)
[  1560 Steps] Train Loss:   0.455, Train accuracy: 1.00000(   2.721 sec/batch)
[  1570 Steps] Train Loss:   0.449, Train accuracy: 1.00000(   2.763 sec/batch)
[  1580 Steps] Train Loss:   0.426, Train accuracy: 1.00000(   2.828 sec/batch)
[  1590 Steps] Train Loss:   0.478, Train accuracy: 0.96875(   2.743 sec/batch)
[  1600 Steps] Train Loss:   0.590, Train accuracy: 0.90625(   2.788 sec/batch)
[  1600 Steps] Average Test accuracy: 0.39375
[  1610 Steps] Train Loss:   0.478, Train accuracy: 1.00000(   2.744 sec/batch)
[  1620 Steps] Train Loss:   0.456, Train accuracy: 1.00000(   2.753 sec/batch)

