[    10 Steps] Train Loss:   3.200, Train accuracy: 0.06250(   6.543 sec/batch)
[    20 Steps] Train Loss:   3.199, Train accuracy: 0.07812(   5.716 sec/batch)
[    30 Steps] Train Loss:   3.203, Train accuracy: 0.06250(   5.656 sec/batch)
[    40 Steps] Train Loss:   3.199, Train accuracy: 0.04688(   5.625 sec/batch)
[    50 Steps] Train Loss:   3.209, Train accuracy: 0.00000(   5.754 sec/batch)
[    60 Steps] Train Loss:   3.194, Train accuracy: 0.04688(   5.651 sec/batch)
[    70 Steps] Train Loss:   3.199, Train accuracy: 0.03125(   5.683 sec/batch)
[    80 Steps] Train Loss:   3.206, Train accuracy: 0.01562(   5.666 sec/batch)
[    90 Steps] Train Loss:   3.203, Train accuracy: 0.03125(   5.659 sec/batch)
[   100 Steps] Train Loss:   3.192, Train accuracy: 0.06250(   5.765 sec/batch)
Testing......
[   100 Steps] Average Test accuracy: 0.06094
[   110 Steps] Train Loss:   3.202, Train accuracy: 0.03125(   5.668 sec/batch)
[   120 Steps] Train Loss:   3.194, Train accuracy: 0.03125(   5.631 sec/batch)
[   130 Steps] Train Loss:   3.199, Train accuracy: 0.06250(   5.769 sec/batch)
[   140 Steps] Train Loss:   3.196, Train accuracy: 0.10938(   5.623 sec/batch)
[   150 Steps] Train Loss:   3.185, Train accuracy: 0.07812(   5.704 sec/batch)
[   160 Steps] Train Loss:   3.201, Train accuracy: 0.04688(   5.587 sec/batch)
[   170 Steps] Train Loss:   3.184, Train accuracy: 0.07812(   5.629 sec/batch)
[   180 Steps] Train Loss:   3.189, Train accuracy: 0.04688(   5.674 sec/batch)
[   190 Steps] Train Loss:   3.182, Train accuracy: 0.07812(   5.652 sec/batch)
[   200 Steps] Train Loss:   3.191, Train accuracy: 0.01562(   5.599 sec/batch)
Testing......
[   200 Steps] Average Test accuracy: 0.06250
[   210 Steps] Train Loss:   3.183, Train accuracy: 0.09375(   5.577 sec/batch)
[   220 Steps] Train Loss:   3.189, Train accuracy: 0.04688(   5.731 sec/batch)
[   230 Steps] Train Loss:   3.187, Train accuracy: 0.07812(   5.546 sec/batch)
[   240 Steps] Train Loss:   3.184, Train accuracy: 0.06250(   5.544 sec/batch)
[   250 Steps] Train Loss:   3.180, Train accuracy: 0.10938(   5.571 sec/batch)
[   260 Steps] Train Loss:   3.191, Train accuracy: 0.03125(   5.660 sec/batch)
[   270 Steps] Train Loss:   3.184, Train accuracy: 0.06250(   5.690 sec/batch)
[   280 Steps] Train Loss:   3.175, Train accuracy: 0.07812(   5.724 sec/batch)
[   290 Steps] Train Loss:   3.188, Train accuracy: 0.06250(   5.777 sec/batch)
[   300 Steps] Train Loss:   3.175, Train accuracy: 0.06250(   5.585 sec/batch)
Testing......
[   300 Steps] Average Test accuracy: 0.05625
[   310 Steps] Train Loss:   3.180, Train accuracy: 0.06250(   5.719 sec/batch)
[   320 Steps] Train Loss:   3.179, Train accuracy: 0.04688(   5.587 sec/batch)
[   330 Steps] Train Loss:   3.178, Train accuracy: 0.04688(   5.766 sec/batch)
[   340 Steps] Train Loss:   3.179, Train accuracy: 0.01562(   5.521 sec/batch)
[   350 Steps] Train Loss:   3.185, Train accuracy: 0.01562(   5.611 sec/batch)
[   360 Steps] Train Loss:   3.178, Train accuracy: 0.07812(   5.608 sec/batch)
[   370 Steps] Train Loss:   3.181, Train accuracy: 0.03125(   5.558 sec/batch)
[   380 Steps] Train Loss:   3.172, Train accuracy: 0.09375(   5.727 sec/batch)
[   390 Steps] Train Loss:   3.173, Train accuracy: 0.10938(   5.552 sec/batch)
[   400 Steps] Train Loss:   3.177, Train accuracy: 0.03125(   5.709 sec/batch)
Testing......
[   400 Steps] Average Test accuracy: 0.05937












[  1700 Steps] Train Loss:   0.610, Train accuracy: 0.95312(   5.633 sec/batch)
Testing......
[  1700 Steps] Average Test accuracy: 0.44219
[  1710 Steps] Train Loss:   0.547, Train accuracy: 0.93750(   5.576 sec/batch)
[  1720 Steps] Train Loss:   0.592, Train accuracy: 0.93750(   5.568 sec/batch)
[  1730 Steps] Train Loss:   0.472, Train accuracy: 0.95312(   5.586 sec/batch)
[  1740 Steps] Train Loss:   0.622, Train accuracy: 0.90625(   5.562 sec/batch)
[  1750 Steps] Train Loss:   0.515, Train accuracy: 0.93750(   5.557 sec/batch)
[  1760 Steps] Train Loss:   0.558, Train accuracy: 0.92188(   5.616 sec/batch)
[  1770 Steps] Train Loss:   0.554, Train accuracy: 0.92188(   5.574 sec/batch)
[  1780 Steps] Train Loss:   0.755, Train accuracy: 0.87500(   5.735 sec/batch)
[  1790 Steps] Train Loss:   0.516, Train accuracy: 0.96875(   5.576 sec/batch)
[  1800 Steps] Train Loss:   0.665, Train accuracy: 0.93750(   5.591 sec/batch)
Testing......
[  1800 Steps] Average Test accuracy: 0.44219
[  1810 Steps] Train Loss:   0.458, Train accuracy: 0.95312(   5.573 sec/batch)
[  1820 Steps] Train Loss:   0.632, Train accuracy: 0.90625(   5.551 sec/batch)
[  1830 Steps] Train Loss:   0.670, Train accuracy: 0.89062(   5.759 sec/batch)
[  1840 Steps] Train Loss:   0.699, Train accuracy: 0.87500(   5.625 sec/batch)
[  1850 Steps] Train Loss:   0.586, Train accuracy: 0.92188(   5.682 sec/batch)
[  1860 Steps] Train Loss:   0.817, Train accuracy: 0.84375(   5.582 sec/batch)
[  1870 Steps] Train Loss:   0.608, Train accuracy: 0.92188(   5.546 sec/batch)
[  1880 Steps] Train Loss:   0.661, Train accuracy: 0.92188(   5.595 sec/batch)
[  1890 Steps] Train Loss:   0.550, Train accuracy: 0.93750(   5.564 sec/batch)
[  1900 Steps] Train Loss:   0.416, Train accuracy: 0.96875(   5.604 sec/batch)
Testing......
[  1900 Steps] Average Test accuracy: 0.43125
[  1910 Steps] Train Loss:   0.614, Train accuracy: 0.92188(   5.578 sec/batch)
[  1920 Steps] Train Loss:   0.452, Train accuracy: 0.96875(   5.546 sec/batch)
[  1930 Steps] Train Loss:   0.559, Train accuracy: 0.93750(   5.686 sec/batch)
[  1940 Steps] Train Loss:   0.422, Train accuracy: 0.96875(   5.610 sec/batch)
[  1950 Steps] Train Loss:   0.452, Train accuracy: 0.96875(   5.645 sec/batch)
[  1960 Steps] Train Loss:   0.394, Train accuracy: 1.00000(   5.597 sec/batch)
[  1970 Steps] Train Loss:   0.419, Train accuracy: 0.98438(   5.588 sec/batch)
[  1980 Steps] Train Loss:   0.447, Train accuracy: 0.98438(   5.723 sec/batch)
[  1990 Steps] Train Loss:   0.534, Train accuracy: 0.93750(   5.582 sec/batch)
[  2000 Steps] Train Loss:   0.439, Train accuracy: 0.98438(   5.578 sec/batch)
Testing......
[  2000 Steps] Average Test accuracy: 0.46563
[  2010 Steps] Train Loss:   0.495, Train accuracy: 0.96875(   5.537 sec/batch)
[  2020 Steps] Train Loss:   0.556, Train accuracy: 0.92188(   5.607 sec/batch)
[  2030 Steps] Train Loss:   0.529, Train accuracy: 0.96875(   5.596 sec/batch)
[  2040 Steps] Train Loss:   0.496, Train accuracy: 0.98438(   5.613 sec/batch)
[  2050 Steps] Train Loss:   0.418, Train accuracy: 0.98438(   5.556 sec/batch)
[  2060 Steps] Train Loss:   0.782, Train accuracy: 0.89062(   5.608 sec/batch)
[  2070 Steps] Train Loss:   0.596, Train accuracy: 0.95312(   5.558 sec/batch)
[  2080 Steps] Train Loss:   0.515, Train accuracy: 0.95312(   5.508 sec/batch)
[  2090 Steps] Train Loss:   0.431, Train accuracy: 0.98438(   5.667 sec/batch)
[  2100 Steps] Train Loss:   0.579, Train accuracy: 0.95312(   5.602 sec/batch)
Testing......
[  2100 Steps] Average Test accuracy: 0.43125
[  2110 Steps] Train Loss:   0.402, Train accuracy: 1.00000(   5.601 sec/batch)
[  2120 Steps] Train Loss:   0.470, Train accuracy: 0.98438(   5.559 sec/batch)
[  2130 Steps] Train Loss:   0.464, Train accuracy: 0.98438(   5.649 sec/batch)
[  2140 Steps] Train Loss:   0.453, Train accuracy: 0.95312(   5.527 sec/batch)
[  2150 Steps] Train Loss:   0.437, Train accuracy: 0.98438(   5.516 sec/batch)
[  2160 Steps] Train Loss:   0.540, Train accuracy: 0.95312(   5.529 sec/batch)
[  2170 Steps] Train Loss:   0.401, Train accuracy: 1.00000(   5.566 sec/batch)
[  2180 Steps] Train Loss:   0.572, Train accuracy: 0.93750(   5.612 sec/batch)
[  2190 Steps] Train Loss:   0.524, Train accuracy: 0.95312(   5.563 sec/batch)
[  2200 Steps] Train Loss:   0.416, Train accuracy: 1.00000(   5.606 sec/batch)
Testing......
[  2200 Steps] Average Test accuracy: 0.47344
[  2210 Steps] Train Loss:   0.402, Train accuracy: 1.00000(   5.627 sec/batch)
[  2220 Steps] Train Loss:   0.405, Train accuracy: 0.98438(   5.601 sec/batch)
[  2230 Steps] Train Loss:   0.401, Train accuracy: 0.98438(   5.669 sec/batch)
[  2240 Steps] Train Loss:   0.391, Train accuracy: 1.00000(   5.547 sec/batch)
[  2250 Steps] Train Loss:   0.467, Train accuracy: 0.96875(   5.560 sec/batch)
[  2260 Steps] Train Loss:   0.560, Train accuracy: 0.96875(   5.577 sec/batch)
[  2270 Steps] Train Loss:   0.394, Train accuracy: 1.00000(   5.623 sec/batch)
[  2280 Steps] Train Loss:   0.414, Train accuracy: 1.00000(   5.554 sec/batch)
[  2290 Steps] Train Loss:   0.387, Train accuracy: 1.00000(   5.523 sec/batch)
[  2300 Steps] Train Loss:   0.504, Train accuracy: 0.96875(   5.558 sec/batch)
Testing......
[  2300 Steps] Average Test accuracy: 0.45156
[  2310 Steps] Train Loss:   0.435, Train accuracy: 0.98438(   5.517 sec/batch)
[  2320 Steps] Train Loss:   0.402, Train accuracy: 1.00000(   5.546 sec/batch)
[  2330 Steps] Train Loss:   0.565, Train accuracy: 0.90625(   5.558 sec/batch)
[  2340 Steps] Train Loss:   0.519, Train accuracy: 0.95312(   5.564 sec/batch)
[  2350 Steps] Train Loss:   0.477, Train accuracy: 0.98438(   5.526 sec/batch)
[  2360 Steps] Train Loss:   0.390, Train accuracy: 1.00000(   5.586 sec/batch)
[  2370 Steps] Train Loss:   0.546, Train accuracy: 0.95312(   5.499 sec/batch)
[  2380 Steps] Train Loss:   0.632, Train accuracy: 0.95312(   5.564 sec/batch)
[  2390 Steps] Train Loss:   0.394, Train accuracy: 1.00000(   5.691 sec/batch)
[  2400 Steps] Train Loss:   0.472, Train accuracy: 0.96875(   5.553 sec/batch)
Testing......
[  2400 Steps] Average Test accuracy: 0.41563
[  2410 Steps] Train Loss:   0.571, Train accuracy: 0.93750(   5.553 sec/batch)
[  2420 Steps] Train Loss:   0.386, Train accuracy: 1.00000(   5.591 sec/batch)
[  2430 Steps] Train Loss:   0.474, Train accuracy: 0.95312(   5.514 sec/batch)
[  2440 Steps] Train Loss:   0.652, Train accuracy: 0.93750(   5.623 sec/batch)
[  2450 Steps] Train Loss:   0.386, Train accuracy: 1.00000(   5.546 sec/batch)
[  2460 Steps] Train Loss:   0.413, Train accuracy: 0.98438(   5.841 sec/batch)
[  2470 Steps] Train Loss:   0.405, Train accuracy: 1.00000(   5.551 sec/batch)
[  2480 Steps] Train Loss:   0.397, Train accuracy: 1.00000(   5.549 sec/batch)
[  2490 Steps] Train Loss:   0.430, Train accuracy: 0.98438(   5.561 sec/batch)
[  2500 Steps] Train Loss:   0.430, Train accuracy: 0.96875(   5.608 sec/batch)
Testing......
[  2500 Steps] Average Test accuracy: 0.48281
[  2510 Steps] Train Loss:   0.416, Train accuracy: 0.98438(   5.826 sec/batch)
[  2520 Steps] Train Loss:   0.387, Train accuracy: 1.00000(   5.566 sec/batch)
[  2530 Steps] Train Loss:   0.397, Train accuracy: 0.98438(   5.651 sec/batch)
[  2540 Steps] Train Loss:   0.379, Train accuracy: 1.00000(   5.655 sec/batch)
[  2550 Steps] Train Loss:   0.419, Train accuracy: 0.98438(   5.580 sec/batch)
[  2560 Steps] Train Loss:   0.473, Train accuracy: 0.96875(   5.577 sec/batch)
[  2570 Steps] Train Loss:   0.462, Train accuracy: 0.98438(   5.604 sec/batch)
[  2580 Steps] Train Loss:   0.385, Train accuracy: 1.00000(   5.526 sec/batch)
[  2590 Steps] Train Loss:   0.438, Train accuracy: 0.98438(   5.596 sec/batch)
[  2600 Steps] Train Loss:   0.384, Train accuracy: 1.00000(   5.567 sec/batch)
Testing......
[  2600 Steps] Average Test accuracy: 0.49375
[  2610 Steps] Train Loss:   0.374, Train accuracy: 1.00000(   5.642 sec/batch)
[  2620 Steps] Train Loss:   0.376, Train accuracy: 1.00000(   5.586 sec/batch)
[  2630 Steps] Train Loss:   0.389, Train accuracy: 1.00000(   5.571 sec/batch)
[  2640 Steps] Train Loss:   0.408, Train accuracy: 0.98438(   5.550 sec/batch)
[  2650 Steps] Train Loss:   0.373, Train accuracy: 1.00000(   5.554 sec/batch)
[  2660 Steps] Train Loss:   0.381, Train accuracy: 1.00000(   5.574 sec/batch)
[  2670 Steps] Train Loss:   0.377, Train accuracy: 1.00000(   5.530 sec/batch)
[  2680 Steps] Train Loss:   0.389, Train accuracy: 1.00000(   5.613 sec/batch)
[  2690 Steps] Train Loss:   0.379, Train accuracy: 1.00000(   5.584 sec/batch)
[  2700 Steps] Train Loss:   0.539, Train accuracy: 0.96875(   5.667 sec/batch)
Testing......
[  2700 Steps] Average Test accuracy: 0.44844
[  2710 Steps] Train Loss:   0.456, Train accuracy: 0.96875(   5.658 sec/batch)
[  2720 Steps] Train Loss:   0.373, Train accuracy: 1.00000(   5.645 sec/batch)
[  2730 Steps] Train Loss:   0.398, Train accuracy: 0.98438(   5.540 sec/batch)
[  2740 Steps] Train Loss:   0.381, Train accuracy: 1.00000(   5.568 sec/batch)
[  2750 Steps] Train Loss:   0.374, Train accuracy: 1.00000(   5.725 sec/batch)
[  2760 Steps] Train Loss:   0.375, Train accuracy: 1.00000(   5.641 sec/batch)
[  2770 Steps] Train Loss:   0.375, Train accuracy: 1.00000(   5.561 sec/batch)
[  2780 Steps] Train Loss:   0.371, Train accuracy: 1.00000(   5.546 sec/batch)
[  2790 Steps] Train Loss:   0.378, Train accuracy: 1.00000(   5.562 sec/batch)
[  2800 Steps] Train Loss:   0.375, Train accuracy: 1.00000(   5.574 sec/batch)
Testing......
[  2800 Steps] Average Test accuracy: 0.45312
[  2810 Steps] Train Loss:   0.376, Train accuracy: 1.00000(   5.551 sec/batch)
[  2820 Steps] Train Loss:   0.367, Train accuracy: 1.00000(   5.561 sec/batch)
[  2830 Steps] Train Loss:   0.383, Train accuracy: 0.98438(   5.653 sec/batch)
[  2840 Steps] Train Loss:   0.368, Train accuracy: 1.00000(   5.597 sec/batch)
[  2850 Steps] Train Loss:   0.392, Train accuracy: 0.98438(   5.615 sec/batch)
[  2860 Steps] Train Loss:   0.368, Train accuracy: 1.00000(   5.626 sec/batch)
[  2870 Steps] Train Loss:   0.390, Train accuracy: 0.98438(   5.575 sec/batch)
[  2880 Steps] Train Loss:   0.380, Train accuracy: 1.00000(   5.541 sec/batch)
[  2890 Steps] Train Loss:   0.368, Train accuracy: 1.00000(   5.624 sec/batch)
[  2900 Steps] Train Loss:   0.365, Train accuracy: 1.00000(   5.717 sec/batch)
Testing......
[  2900 Steps] Average Test accuracy: 0.48906
[  2910 Steps] Train Loss:   0.402, Train accuracy: 0.98438(   5.536 sec/batch)
[  2920 Steps] Train Loss:   0.361, Train accuracy: 1.00000(   5.651 sec/batch)
[  2930 Steps] Train Loss:   0.368, Train accuracy: 1.00000(   5.581 sec/batch)
[  2940 Steps] Train Loss:   0.378, Train accuracy: 1.00000(   5.583 sec/batch)
[  2950 Steps] Train Loss:   0.361, Train accuracy: 1.00000(   5.597 sec/batch)
[  2960 Steps] Train Loss:   0.369, Train accuracy: 1.00000(   5.582 sec/batch)
[  2970 Steps] Train Loss:   0.359, Train accuracy: 1.00000(   5.677 sec/batch)
[  2980 Steps] Train Loss:   0.435, Train accuracy: 0.95312(   5.586 sec/batch)
[  2990 Steps] Train Loss:   0.380, Train accuracy: 1.00000(   5.594 sec/batch)
[  3000 Steps] Train Loss:   0.362, Train accuracy: 1.00000(   5.983 sec/batch)
Testing......
[  3000 Steps] Average Test accuracy: 0.48125
[  3010 Steps] Train Loss:   0.386, Train accuracy: 0.98438(   5.527 sec/batch)
[  3020 Steps] Train Loss:   0.478, Train accuracy: 0.93750(   5.588 sec/batch)
[  3030 Steps] Train Loss:   0.370, Train accuracy: 1.00000(   5.578 sec/batch)
[  3040 Steps] Train Loss:   0.392, Train accuracy: 0.98438(   5.640 sec/batch)
[  3050 Steps] Train Loss:   0.361, Train accuracy: 1.00000(   5.851 sec/batch)
[  3060 Steps] Train Loss:   0.405, Train accuracy: 0.96875(   5.544 sec/batch)
[  3070 Steps] Train Loss:   0.370, Train accuracy: 0.98438(   5.617 sec/batch)
[  3080 Steps] Train Loss:   0.374, Train accuracy: 0.98438(   5.574 sec/batch)
[  3090 Steps] Train Loss:   0.357, Train accuracy: 1.00000(   5.574 sec/batch)
[  3100 Steps] Train Loss:   0.370, Train accuracy: 1.00000(   5.589 sec/batch)
Testing......
[  3100 Steps] Average Test accuracy: 0.44062
[  3110 Steps] Train Loss:   0.359, Train accuracy: 1.00000(   5.519 sec/batch)
[  3120 Steps] Train Loss:   0.371, Train accuracy: 0.98438(   5.689 sec/batch)
[  3130 Steps] Train Loss:   0.370, Train accuracy: 1.00000(   5.527 sec/batch)
[  3140 Steps] Train Loss:   0.356, Train accuracy: 1.00000(   5.557 sec/batch)
[  3150 Steps] Train Loss:   0.432, Train accuracy: 0.98438(   5.510 sec/batch)
[  3160 Steps] Train Loss:   0.360, Train accuracy: 1.00000(   5.599 sec/batch)
[  3170 Steps] Train Loss:   0.356, Train accuracy: 1.00000(   5.541 sec/batch)
[  3180 Steps] Train Loss:   0.357, Train accuracy: 1.00000(   5.510 sec/batch)
[  3190 Steps] Train Loss:   0.353, Train accuracy: 1.00000(   5.516 sec/batch)
[  3200 Steps] Train Loss:   0.373, Train accuracy: 1.00000(   5.637 sec/batch)
Testing......
[  3200 Steps] Average Test accuracy: 0.47187
[  3210 Steps] Train Loss:   0.351, Train accuracy: 1.00000(   5.595 sec/batch)
[  3220 Steps] Train Loss:   0.396, Train accuracy: 0.98438(   5.532 sec/batch)
[  3230 Steps] Train Loss:   0.370, Train accuracy: 1.00000(   5.601 sec/batch)
[  3240 Steps] Train Loss:   0.349, Train accuracy: 1.00000(   5.704 sec/batch)
[  3250 Steps] Train Loss:   0.350, Train accuracy: 1.00000(   5.665 sec/batch)
[  3260 Steps] Train Loss:   0.378, Train accuracy: 0.98438(   5.554 sec/batch)
[  3270 Steps] Train Loss:   0.351, Train accuracy: 1.00000(   5.555 sec/batch)
[  3280 Steps] Train Loss:   0.361, Train accuracy: 1.00000(   5.543 sec/batch)
[  3290 Steps] Train Loss:   0.355, Train accuracy: 1.00000(   5.674 sec/batch)
[  3300 Steps] Train Loss:   0.416, Train accuracy: 0.98438(   5.566 sec/batch)
Testing......
[  3300 Steps] Average Test accuracy: 0.46094
[  3310 Steps] Train Loss:   0.359, Train accuracy: 1.00000(   5.609 sec/batch)
[  3320 Steps] Train Loss:   0.365, Train accuracy: 1.00000(   5.642 sec/batch)
[  3330 Steps] Train Loss:   0.353, Train accuracy: 1.00000(   5.570 sec/batch)
[  3340 Steps] Train Loss:   0.355, Train accuracy: 1.00000(   5.569 sec/batch)
[  3350 Steps] Train Loss:   0.363, Train accuracy: 0.98438(   5.558 sec/batch)
[  3360 Steps] Train Loss:   0.345, Train accuracy: 1.00000(   5.587 sec/batch)
[  3370 Steps] Train Loss:   0.348, Train accuracy: 1.00000(   5.656 sec/batch)
[  3380 Steps] Train Loss:   0.374, Train accuracy: 0.98438(   5.573 sec/batch)
[  3390 Steps] Train Loss:   0.364, Train accuracy: 0.98438(   5.618 sec/batch)
[  3400 Steps] Train Loss:   0.346, Train accuracy: 1.00000(   5.577 sec/batch)
Testing......
[  3400 Steps] Average Test accuracy: 0.46250
[  3410 Steps] Train Loss:   0.348, Train accuracy: 1.00000(   5.628 sec/batch)
[  3420 Steps] Train Loss:   0.346, Train accuracy: 1.00000(   5.574 sec/batch)
[  3430 Steps] Train Loss:   0.359, Train accuracy: 0.98438(   5.568 sec/batch)
[  3440 Steps] Train Loss:   0.346, Train accuracy: 1.00000(   5.565 sec/batch)
[  3450 Steps] Train Loss:   0.363, Train accuracy: 1.00000(   5.590 sec/batch)
[  3460 Steps] Train Loss:   0.344, Train accuracy: 1.00000(   5.575 sec/batch)
[  3470 Steps] Train Loss:   0.440, Train accuracy: 0.98438(   5.614 sec/batch)
[  3480 Steps] Train Loss:   0.363, Train accuracy: 0.98438(   5.582 sec/batch)
[  3490 Steps] Train Loss:   0.342, Train accuracy: 1.00000(   5.583 sec/batch)
[  3500 Steps] Train Loss:   0.351, Train accuracy: 1.00000(   5.636 sec/batch)
Testing......
[  3500 Steps] Average Test accuracy: 0.45937
[  3510 Steps] Train Loss:   0.344, Train accuracy: 1.00000(   5.624 sec/batch)
[  3520 Steps] Train Loss:   0.338, Train accuracy: 1.00000(   5.683 sec/batch)
[  3530 Steps] Train Loss:   0.340, Train accuracy: 1.00000(   5.586 sec/batch)
[  3540 Steps] Train Loss:   0.340, Train accuracy: 1.00000(   5.605 sec/batch)
[  3550 Steps] Train Loss:   0.336, Train accuracy: 1.00000(   5.580 sec/batch)
[  3560 Steps] Train Loss:   0.339, Train accuracy: 1.00000(   5.638 sec/batch)
[  3570 Steps] Train Loss:   0.339, Train accuracy: 1.00000(   5.687 sec/batch)
[  3580 Steps] Train Loss:   0.334, Train accuracy: 1.00000(   5.571 sec/batch)
[  3590 Steps] Train Loss:   0.334, Train accuracy: 1.00000(   5.842 sec/batch)
[  3600 Steps] Train Loss:   0.334, Train accuracy: 1.00000(   5.607 sec/batch)
Testing......
[  3600 Steps] Average Test accuracy: 0.48125
[  3610 Steps] Train Loss:   0.333, Train accuracy: 1.00000(   5.581 sec/batch)
[  3620 Steps] Train Loss:   0.347, Train accuracy: 1.00000(   5.591 sec/batch)
[  3630 Steps] Train Loss:   0.348, Train accuracy: 1.00000(   5.576 sec/batch)
[  3640 Steps] Train Loss:   0.339, Train accuracy: 1.00000(   5.776 sec/batch)
[  3650 Steps] Train Loss:   0.403, Train accuracy: 0.96875(   5.540 sec/batch)
[  3660 Steps] Train Loss:   0.441, Train accuracy: 0.98438(   5.590 sec/batch)
[  3670 Steps] Train Loss:   0.401, Train accuracy: 0.98438(   5.786 sec/batch)
[  3680 Steps] Train Loss:   0.344, Train accuracy: 1.00000(   5.577 sec/batch)
[  3690 Steps] Train Loss:   0.450, Train accuracy: 0.96875(   5.558 sec/batch)
[  3700 Steps] Train Loss:   0.332, Train accuracy: 1.00000(   5.563 sec/batch)
Testing......
[  3700 Steps] Average Test accuracy: 0.47813
[  3710 Steps] Train Loss:   0.355, Train accuracy: 0.98438(   5.618 sec/batch)
[  3720 Steps] Train Loss:   0.331, Train accuracy: 1.00000(   5.598 sec/batch)
[  3730 Steps] Train Loss:   0.331, Train accuracy: 1.00000(   5.609 sec/batch)
[  3740 Steps] Train Loss:   0.329, Train accuracy: 1.00000(   5.612 sec/batch)
[  3750 Steps] Train Loss:   0.328, Train accuracy: 1.00000(   5.578 sec/batch)
[  3760 Steps] Train Loss:   0.329, Train accuracy: 1.00000(   5.599 sec/batch)
[  3770 Steps] Train Loss:   0.371, Train accuracy: 0.98438(   5.723 sec/batch)
[  3780 Steps] Train Loss:   0.329, Train accuracy: 1.00000(   5.611 sec/batch)
[  3790 Steps] Train Loss:   0.340, Train accuracy: 1.00000(   5.599 sec/batch)
[  3800 Steps] Train Loss:   0.365, Train accuracy: 0.98438(   5.572 sec/batch)
Testing......
[  3800 Steps] Average Test accuracy: 0.42656
[  3810 Steps] Train Loss:   0.326, Train accuracy: 1.00000(   5.594 sec/batch)
[  3820 Steps] Train Loss:   0.327, Train accuracy: 1.00000(   5.632 sec/batch)
[  3830 Steps] Train Loss:   0.335, Train accuracy: 1.00000(   5.526 sec/batch)
[  3840 Steps] Train Loss:   0.373, Train accuracy: 0.98438(   5.573 sec/batch)
[  3850 Steps] Train Loss:   0.327, Train accuracy: 1.00000(   5.594 sec/batch)
[  3860 Steps] Train Loss:   0.324, Train accuracy: 1.00000(   5.682 sec/batch)
[  3870 Steps] Train Loss:   0.334, Train accuracy: 1.00000(   5.604 sec/batch)
[  3880 Steps] Train Loss:   0.334, Train accuracy: 1.00000(   5.595 sec/batch)
[  3890 Steps] Train Loss:   0.350, Train accuracy: 0.98438(   5.620 sec/batch)
[  3900 Steps] Train Loss:   0.334, Train accuracy: 1.00000(   5.553 sec/batch)
Testing......
[  3900 Steps] Average Test accuracy: 0.48594
[  3910 Steps] Train Loss:   0.322, Train accuracy: 1.00000(   5.570 sec/batch)
[  3920 Steps] Train Loss:   0.332, Train accuracy: 1.00000(   5.612 sec/batch)
[  3930 Steps] Train Loss:   0.330, Train accuracy: 1.00000(   5.585 sec/batch)
[  3940 Steps] Train Loss:   0.329, Train accuracy: 1.00000(   5.625 sec/batch)
[  3950 Steps] Train Loss:   0.321, Train accuracy: 1.00000(   5.607 sec/batch)
[  3960 Steps] Train Loss:   0.319, Train accuracy: 1.00000(   5.534 sec/batch)
[  3970 Steps] Train Loss:   0.349, Train accuracy: 0.98438(   5.561 sec/batch)
[  3980 Steps] Train Loss:   0.351, Train accuracy: 0.98438(   5.720 sec/batch)
[  3990 Steps] Train Loss:   0.319, Train accuracy: 1.00000(   5.591 sec/batch)
[  4000 Steps] Train Loss:   0.325, Train accuracy: 1.00000(   5.574 sec/batch)
Testing......
[  4000 Steps] Average Test accuracy: 0.47500
[  4010 Steps] Train Loss:   0.317, Train accuracy: 1.00000(   5.567 sec/batch)
[  4020 Steps] Train Loss:   0.334, Train accuracy: 1.00000(   5.613 sec/batch)
[  4030 Steps] Train Loss:   0.316, Train accuracy: 1.00000(   5.571 sec/batch)
[  4040 Steps] Train Loss:   0.318, Train accuracy: 1.00000(   5.555 sec/batch)
[  4050 Steps] Train Loss:   0.390, Train accuracy: 0.98438(   5.515 sec/batch)
[  4060 Steps] Train Loss:   0.315, Train accuracy: 1.00000(   5.486 sec/batch)
[  4070 Steps] Train Loss:   0.314, Train accuracy: 1.00000(   5.481 sec/batch)
[  4080 Steps] Train Loss:   0.313, Train accuracy: 1.00000(   5.578 sec/batch)
[  4090 Steps] Train Loss:   0.316, Train accuracy: 1.00000(   5.539 sec/batch)
[  4100 Steps] Train Loss:   0.346, Train accuracy: 0.98438(   5.543 sec/batch)
Testing......
[  4100 Steps] Average Test accuracy: 0.50156
[  4110 Steps] Train Loss:   0.318, Train accuracy: 1.00000(   5.604 sec/batch)
[  4120 Steps] Train Loss:   0.319, Train accuracy: 1.00000(   5.608 sec/batch)
[  4130 Steps] Train Loss:   0.325, Train accuracy: 0.98438(   5.601 sec/batch)
[  4140 Steps] Train Loss:   0.311, Train accuracy: 1.00000(   5.531 sec/batch)
[  4150 Steps] Train Loss:   0.310, Train accuracy: 1.00000(   5.545 sec/batch)
[  4160 Steps] Train Loss:   0.311, Train accuracy: 1.00000(   5.579 sec/batch)
[  4170 Steps] Train Loss:   0.310, Train accuracy: 1.00000(   5.538 sec/batch)
[  4180 Steps] Train Loss:   0.318, Train accuracy: 1.00000(   5.576 sec/batch)
[  4190 Steps] Train Loss:   0.311, Train accuracy: 1.00000(   5.714 sec/batch)
[  4200 Steps] Train Loss:   0.310, Train accuracy: 1.00000(   5.625 sec/batch)
Testing......
[  4200 Steps] Average Test accuracy: 0.47031
[  4210 Steps] Train Loss:   0.311, Train accuracy: 1.00000(   5.570 sec/batch)
[  4220 Steps] Train Loss:   0.323, Train accuracy: 0.98438(   5.572 sec/batch)
[  4230 Steps] Train Loss:   0.312, Train accuracy: 1.00000(   5.583 sec/batch)
[  4240 Steps] Train Loss:   0.316, Train accuracy: 1.00000(   5.527 sec/batch)
[  4250 Steps] Train Loss:   0.309, Train accuracy: 1.00000(   5.688 sec/batch)
[  4260 Steps] Train Loss:   0.334, Train accuracy: 0.98438(   5.565 sec/batch)
[  4270 Steps] Train Loss:   0.308, Train accuracy: 1.00000(   5.666 sec/batch)
[  4280 Steps] Train Loss:   0.306, Train accuracy: 1.00000(   5.508 sec/batch)
[  4290 Steps] Train Loss:   0.336, Train accuracy: 0.98438(   5.510 sec/batch)
[  4300 Steps] Train Loss:   0.313, Train accuracy: 1.00000(   5.684 sec/batch)
Testing......
[  4300 Steps] Average Test accuracy: 0.43125
[  4310 Steps] Train Loss:   0.309, Train accuracy: 1.00000(   5.593 sec/batch)
[  4320 Steps] Train Loss:   0.305, Train accuracy: 1.00000(   5.822 sec/batch)
[  4330 Steps] Train Loss:   0.307, Train accuracy: 1.00000(   5.548 sec/batch)
[  4340 Steps] Train Loss:   0.309, Train accuracy: 1.00000(   5.651 sec/batch)
[  4350 Steps] Train Loss:   0.302, Train accuracy: 1.00000(   5.627 sec/batch)
[  4360 Steps] Train Loss:   0.303, Train accuracy: 1.00000(   5.658 sec/batch)
[  4370 Steps] Train Loss:   0.301, Train accuracy: 1.00000(   5.622 sec/batch)
[  4380 Steps] Train Loss:   0.302, Train accuracy: 1.00000(   5.637 sec/batch)
[  4390 Steps] Train Loss:   0.300, Train accuracy: 1.00000(   5.620 sec/batch)
[  4400 Steps] Train Loss:   0.361, Train accuracy: 0.98438(   5.617 sec/batch)
Testing......
[  4400 Steps] Average Test accuracy: 0.47344
[  4410 Steps] Train Loss:   0.299, Train accuracy: 1.00000(   5.576 sec/batch)
[  4420 Steps] Train Loss:   0.345, Train accuracy: 0.98438(   5.543 sec/batch)
[  4430 Steps] Train Loss:   0.299, Train accuracy: 1.00000(   5.658 sec/batch)
[  4440 Steps] Train Loss:   0.299, Train accuracy: 1.00000(   5.723 sec/batch)
[  4450 Steps] Train Loss:   0.301, Train accuracy: 1.00000(   5.606 sec/batch)
[  4460 Steps] Train Loss:   0.297, Train accuracy: 1.00000(   5.586 sec/batch)
[  4470 Steps] Train Loss:   0.313, Train accuracy: 0.98438(   5.536 sec/batch)
[  4480 Steps] Train Loss:   0.310, Train accuracy: 1.00000(   5.564 sec/batch)
[  4490 Steps] Train Loss:   0.320, Train accuracy: 1.00000(   5.559 sec/batch)
[  4500 Steps] Train Loss:   0.298, Train accuracy: 1.00000(   5.584 sec/batch)
Testing......
[  4500 Steps] Average Test accuracy: 0.47031
[  4510 Steps] Train Loss:   0.296, Train accuracy: 1.00000(   5.662 sec/batch)
[  4520 Steps] Train Loss:   0.310, Train accuracy: 0.98438(   5.584 sec/batch)
[  4530 Steps] Train Loss:   0.296, Train accuracy: 1.00000(   5.557 sec/batch)
[  4540 Steps] Train Loss:   0.344, Train accuracy: 0.98438(   5.607 sec/batch)
[  4550 Steps] Train Loss:   0.297, Train accuracy: 1.00000(   5.526 sec/batch)
[  4560 Steps] Train Loss:   0.298, Train accuracy: 1.00000(   5.571 sec/batch)
[  4570 Steps] Train Loss:   0.294, Train accuracy: 1.00000(   5.577 sec/batch)
[  4580 Steps] Train Loss:   0.354, Train accuracy: 0.98438(   5.533 sec/batch)
[  4590 Steps] Train Loss:   0.295, Train accuracy: 1.00000(   5.603 sec/batch)
[  4600 Steps] Train Loss:   0.301, Train accuracy: 1.00000(   5.542 sec/batch)
Testing......
[  4600 Steps] Average Test accuracy: 0.49531
[  4610 Steps] Train Loss:   0.303, Train accuracy: 1.00000(   5.594 sec/batch)
[  4620 Steps] Train Loss:   0.292, Train accuracy: 1.00000(   5.555 sec/batch)
[  4630 Steps] Train Loss:   0.353, Train accuracy: 0.98438(   5.555 sec/batch)
[  4640 Steps] Train Loss:   0.292, Train accuracy: 1.00000(   5.573 sec/batch)
[  4650 Steps] Train Loss:   0.295, Train accuracy: 1.00000(   5.559 sec/batch)
[  4660 Steps] Train Loss:   0.322, Train accuracy: 0.98438(   5.555 sec/batch)
[  4670 Steps] Train Loss:   0.309, Train accuracy: 0.98438(   5.566 sec/batch)
[  4680 Steps] Train Loss:   0.300, Train accuracy: 1.00000(   5.609 sec/batch)
[  4690 Steps] Train Loss:   0.304, Train accuracy: 1.00000(   5.561 sec/batch)
[  4700 Steps] Train Loss:   0.291, Train accuracy: 1.00000(   5.600 sec/batch)
Testing......
[  4700 Steps] Average Test accuracy: 0.49375
[  4710 Steps] Train Loss:   0.310, Train accuracy: 0.98438(   5.590 sec/batch)
[  4720 Steps] Train Loss:   0.290, Train accuracy: 1.00000(   5.618 sec/batch)
[  4730 Steps] Train Loss:   0.291, Train accuracy: 1.00000(   5.631 sec/batch)
[  4740 Steps] Train Loss:   0.291, Train accuracy: 1.00000(   5.618 sec/batch)
[  4750 Steps] Train Loss:   0.289, Train accuracy: 1.00000(   5.566 sec/batch)
[  4760 Steps] Train Loss:   0.289, Train accuracy: 1.00000(   5.567 sec/batch)
[  4770 Steps] Train Loss:   0.291, Train accuracy: 1.00000(   5.605 sec/batch)
[  4780 Steps] Train Loss:   0.295, Train accuracy: 1.00000(   5.574 sec/batch)
[  4790 Steps] Train Loss:   0.288, Train accuracy: 1.00000(   5.596 sec/batch)
[  4800 Steps] Train Loss:   0.289, Train accuracy: 1.00000(   5.595 sec/batch)
Testing......
[  4800 Steps] Average Test accuracy: 0.44688
[  4810 Steps] Train Loss:   0.316, Train accuracy: 0.96875(   5.550 sec/batch)
[  4820 Steps] Train Loss:   0.301, Train accuracy: 1.00000(   5.623 sec/batch)
[  4830 Steps] Train Loss:   0.304, Train accuracy: 0.98438(   5.600 sec/batch)
[  4840 Steps] Train Loss:   0.306, Train accuracy: 0.98438(   5.592 sec/batch)
[  4850 Steps] Train Loss:   0.285, Train accuracy: 1.00000(   5.533 sec/batch)
[  4860 Steps] Train Loss:   0.290, Train accuracy: 1.00000(   5.728 sec/batch)
[  4870 Steps] Train Loss:   0.292, Train accuracy: 1.00000(   5.576 sec/batch)
[  4880 Steps] Train Loss:   0.290, Train accuracy: 1.00000(   5.784 sec/batch)
[  4890 Steps] Train Loss:   0.284, Train accuracy: 1.00000(   5.597 sec/batch)
[  4900 Steps] Train Loss:   0.282, Train accuracy: 1.00000(   5.566 sec/batch)
Testing......
[  4900 Steps] Average Test accuracy: 0.47500
[  4910 Steps] Train Loss:   0.282, Train accuracy: 1.00000(   5.631 sec/batch)
[  4920 Steps] Train Loss:   0.285, Train accuracy: 1.00000(   5.633 sec/batch)
[  4930 Steps] Train Loss:   0.281, Train accuracy: 1.00000(   5.784 sec/batch)
[  4940 Steps] Train Loss:   0.281, Train accuracy: 1.00000(   5.523 sec/batch)
[  4950 Steps] Train Loss:   0.280, Train accuracy: 1.00000(   5.623 sec/batch)
[  4960 Steps] Train Loss:   0.281, Train accuracy: 1.00000(   5.551 sec/batch)
[  4970 Steps] Train Loss:   0.279, Train accuracy: 1.00000(   5.630 sec/batch)
[  4980 Steps] Train Loss:   0.278, Train accuracy: 1.00000(   5.570 sec/batch)
[  4990 Steps] Train Loss:   0.296, Train accuracy: 0.98438(   5.561 sec/batch)
[  5000 Steps] Train Loss:   0.279, Train accuracy: 1.00000(   5.595 sec/batch)
Testing......
[  5000 Steps] Average Test accuracy: 0.47656
[  5010 Steps] Train Loss:   0.277, Train accuracy: 1.00000(   5.538 sec/batch)
[  5020 Steps] Train Loss:   0.277, Train accuracy: 1.00000(   5.661 sec/batch)
[  5030 Steps] Train Loss:   0.276, Train accuracy: 1.00000(   5.554 sec/batch)
[  5040 Steps] Train Loss:   0.276, Train accuracy: 1.00000(   5.595 sec/batch)
[  5050 Steps] Train Loss:   0.281, Train accuracy: 1.00000(   5.639 sec/batch)
[  5060 Steps] Train Loss:   0.278, Train accuracy: 1.00000(   5.571 sec/batch)
[  5070 Steps] Train Loss:   0.275, Train accuracy: 1.00000(   5.590 sec/batch)
[  5080 Steps] Train Loss:   0.276, Train accuracy: 1.00000(   5.572 sec/batch)
[  5090 Steps] Train Loss:   0.273, Train accuracy: 1.00000(   5.629 sec/batch)
[  5100 Steps] Train Loss:   0.273, Train accuracy: 1.00000(   5.591 sec/batch)
Testing......
[  5100 Steps] Average Test accuracy: 0.47031
[  5110 Steps] Train Loss:   0.272, Train accuracy: 1.00000(   5.557 sec/batch)
[  5120 Steps] Train Loss:   0.272, Train accuracy: 1.00000(   5.554 sec/batch)
[  5130 Steps] Train Loss:   0.320, Train accuracy: 0.98438(   5.615 sec/batch)
[  5140 Steps] Train Loss:   0.271, Train accuracy: 1.00000(   5.568 sec/batch)
[  5150 Steps] Train Loss:   0.273, Train accuracy: 1.00000(   5.519 sec/batch)
[  5160 Steps] Train Loss:   0.271, Train accuracy: 1.00000(   5.554 sec/batch)
[  5170 Steps] Train Loss:   0.270, Train accuracy: 1.00000(   5.546 sec/batch)
[  5180 Steps] Train Loss:   0.271, Train accuracy: 1.00000(   5.571 sec/batch)
[  5190 Steps] Train Loss:   0.269, Train accuracy: 1.00000(   5.567 sec/batch)
[  5200 Steps] Train Loss:   0.268, Train accuracy: 1.00000(   5.573 sec/batch)
Testing......
[  5200 Steps] Average Test accuracy: 0.48906
[  5210 Steps] Train Loss:   0.274, Train accuracy: 1.00000(   5.770 sec/batch)
[  5220 Steps] Train Loss:   0.268, Train accuracy: 1.00000(   5.527 sec/batch)
[  5230 Steps] Train Loss:   0.267, Train accuracy: 1.00000(   5.638 sec/batch)
[  5240 Steps] Train Loss:   0.266, Train accuracy: 1.00000(   5.550 sec/batch)
[  5250 Steps] Train Loss:   0.266, Train accuracy: 1.00000(   5.564 sec/batch)
[  5260 Steps] Train Loss:   0.281, Train accuracy: 0.98438(   5.537 sec/batch)
[  5270 Steps] Train Loss:   0.264, Train accuracy: 1.00000(   5.564 sec/batch)
[  5280 Steps] Train Loss:   0.264, Train accuracy: 1.00000(   5.537 sec/batch)
[  5290 Steps] Train Loss:   0.267, Train accuracy: 1.00000(   5.544 sec/batch)
[  5300 Steps] Train Loss:   0.265, Train accuracy: 1.00000(   5.550 sec/batch)
Testing......
[  5300 Steps] Average Test accuracy: 0.46563
[  5310 Steps] Train Loss:   0.284, Train accuracy: 0.98438(   5.586 sec/batch)
[  5320 Steps] Train Loss:   0.263, Train accuracy: 1.00000(   5.527 sec/batch)
[  5330 Steps] Train Loss:   0.262, Train accuracy: 1.00000(   5.492 sec/batch)
[  5340 Steps] Train Loss:   0.263, Train accuracy: 1.00000(   5.512 sec/batch)
[  5350 Steps] Train Loss:   0.263, Train accuracy: 1.00000(   5.562 sec/batch)
[  5360 Steps] Train Loss:   0.266, Train accuracy: 1.00000(   5.604 sec/batch)
[  5370 Steps] Train Loss:   0.261, Train accuracy: 1.00000(   5.607 sec/batch)
[  5380 Steps] Train Loss:   0.263, Train accuracy: 1.00000(   5.653 sec/batch)
[  5390 Steps] Train Loss:   0.260, Train accuracy: 1.00000(   5.591 sec/batch)
[  5400 Steps] Train Loss:   0.262, Train accuracy: 1.00000(   5.556 sec/batch)
Testing......
[  5400 Steps] Average Test accuracy: 0.48594
[  5410 Steps] Train Loss:   0.273, Train accuracy: 0.98438(   5.672 sec/batch)
[  5420 Steps] Train Loss:   0.262, Train accuracy: 1.00000(   5.570 sec/batch)
[  5430 Steps] Train Loss:   0.259, Train accuracy: 1.00000(   5.614 sec/batch)
[  5440 Steps] Train Loss:   0.268, Train accuracy: 1.00000(   5.633 sec/batch)
[  5450 Steps] Train Loss:   0.573, Train accuracy: 0.98438(   5.579 sec/batch)
[  5460 Steps] Train Loss:   0.263, Train accuracy: 1.00000(   5.646 sec/batch)
[  5470 Steps] Train Loss:   0.257, Train accuracy: 1.00000(   5.577 sec/batch)
[  5480 Steps] Train Loss:   0.266, Train accuracy: 1.00000(   5.591 sec/batch)
[  5490 Steps] Train Loss:   0.260, Train accuracy: 1.00000(   5.648 sec/batch)
[  5500 Steps] Train Loss:   0.256, Train accuracy: 1.00000(   5.560 sec/batch)
Testing......
[  5500 Steps] Average Test accuracy: 0.49219
[  5510 Steps] Train Loss:   0.255, Train accuracy: 1.00000(   5.583 sec/batch)
[  5520 Steps] Train Loss:   0.254, Train accuracy: 1.00000(   5.581 sec/batch)
[  5530 Steps] Train Loss:   0.256, Train accuracy: 1.00000(   5.545 sec/batch)
[  5540 Steps] Train Loss:   0.254, Train accuracy: 1.00000(   5.732 sec/batch)
[  5550 Steps] Train Loss:   0.256, Train accuracy: 1.00000(   5.592 sec/batch)
[  5560 Steps] Train Loss:   0.254, Train accuracy: 1.00000(   5.777 sec/batch)
[  5570 Steps] Train Loss:   0.265, Train accuracy: 1.00000(   5.575 sec/batch)
[  5580 Steps] Train Loss:   0.254, Train accuracy: 1.00000(   5.571 sec/batch)
[  5590 Steps] Train Loss:   0.253, Train accuracy: 1.00000(   5.596 sec/batch)
[  5600 Steps] Train Loss:   0.251, Train accuracy: 1.00000(   5.597 sec/batch)
Testing......
[  5600 Steps] Average Test accuracy: 0.47344
[  5610 Steps] Train Loss:   0.251, Train accuracy: 1.00000(   5.848 sec/batch)
[  5620 Steps] Train Loss:   0.250, Train accuracy: 1.00000(   5.646 sec/batch)
[  5630 Steps] Train Loss:   0.250, Train accuracy: 1.00000(   5.584 sec/batch)
[  5640 Steps] Train Loss:   0.255, Train accuracy: 1.00000(   5.544 sec/batch)
[  5650 Steps] Train Loss:   0.258, Train accuracy: 1.00000(   5.686 sec/batch)
[  5660 Steps] Train Loss:   0.251, Train accuracy: 1.00000(   5.624 sec/batch)
[  5670 Steps] Train Loss:   0.251, Train accuracy: 1.00000(   5.619 sec/batch)
[  5680 Steps] Train Loss:   0.248, Train accuracy: 1.00000(   5.544 sec/batch)
[  5690 Steps] Train Loss:   0.248, Train accuracy: 1.00000(   5.618 sec/batch)
[  5700 Steps] Train Loss:   0.247, Train accuracy: 1.00000(   5.566 sec/batch)
Testing......
[  5700 Steps] Average Test accuracy: 0.50156
[  5710 Steps] Train Loss:   0.246, Train accuracy: 1.00000(   5.606 sec/batch)
[  5720 Steps] Train Loss:   0.246, Train accuracy: 1.00000(   5.554 sec/batch)
[  5730 Steps] Train Loss:   0.275, Train accuracy: 0.98438(   5.603 sec/batch)
[  5740 Steps] Train Loss:   0.260, Train accuracy: 1.00000(   5.570 sec/batch)
[  5750 Steps] Train Loss:   0.248, Train accuracy: 1.00000(   5.634 sec/batch)
[  5760 Steps] Train Loss:   0.247, Train accuracy: 1.00000(   5.569 sec/batch)
[  5770 Steps] Train Loss:   0.245, Train accuracy: 1.00000(   5.581 sec/batch)
[  5780 Steps] Train Loss:   0.244, Train accuracy: 1.00000(   5.587 sec/batch)
[  5790 Steps] Train Loss:   0.247, Train accuracy: 1.00000(   5.580 sec/batch)
[  5800 Steps] Train Loss:   0.253, Train accuracy: 1.00000(   5.612 sec/batch)
Testing......
[  5800 Steps] Average Test accuracy: 0.45156
[  5810 Steps] Train Loss:   0.243, Train accuracy: 1.00000(   5.563 sec/batch)
[  5820 Steps] Train Loss:   0.298, Train accuracy: 0.98438(   5.547 sec/batch)
[  5830 Steps] Train Loss:   0.247, Train accuracy: 1.00000(   5.668 sec/batch)
[  5840 Steps] Train Loss:   0.242, Train accuracy: 1.00000(   5.570 sec/batch)
[  5850 Steps] Train Loss:   0.241, Train accuracy: 1.00000(   5.590 sec/batch)
[  5860 Steps] Train Loss:   0.243, Train accuracy: 1.00000(   5.626 sec/batch)
[  5870 Steps] Train Loss:   0.244, Train accuracy: 1.00000(   5.573 sec/batch)
[  5880 Steps] Train Loss:   0.241, Train accuracy: 1.00000(   5.529 sec/batch)
[  5890 Steps] Train Loss:   0.243, Train accuracy: 1.00000(   5.574 sec/batch)
[  5900 Steps] Train Loss:   0.239, Train accuracy: 1.00000(   5.538 sec/batch)
Testing......
[  5900 Steps] Average Test accuracy: 0.49375
[  5910 Steps] Train Loss:   0.239, Train accuracy: 1.00000(   5.564 sec/batch)
[  5920 Steps] Train Loss:   0.240, Train accuracy: 1.00000(   5.603 sec/batch)
[  5930 Steps] Train Loss:   0.238, Train accuracy: 1.00000(   5.599 sec/batch)
[  5940 Steps] Train Loss:   0.237, Train accuracy: 1.00000(   5.671 sec/batch)
[  5950 Steps] Train Loss:   0.237, Train accuracy: 1.00000(   5.560 sec/batch)
[  5960 Steps] Train Loss:   0.246, Train accuracy: 1.00000(   5.511 sec/batch)
[  5970 Steps] Train Loss:   0.236, Train accuracy: 1.00000(   5.590 sec/batch)
[  5980 Steps] Train Loss:   0.236, Train accuracy: 1.00000(   5.532 sec/batch)
[  5990 Steps] Train Loss:   0.236, Train accuracy: 1.00000(   5.644 sec/batch)
[  6000 Steps] Train Loss:   0.236, Train accuracy: 1.00000(   5.547 sec/batch)
Testing......
[  6000 Steps] Average Test accuracy: 0.50938
[  6010 Steps] Train Loss:   0.235, Train accuracy: 1.00000(   5.549 sec/batch)
[  6020 Steps] Train Loss:   0.234, Train accuracy: 1.00000(   5.557 sec/batch)
[  6030 Steps] Train Loss:   0.235, Train accuracy: 1.00000(   5.700 sec/batch)
[  6040 Steps] Train Loss:   0.234, Train accuracy: 1.00000(   5.643 sec/batch)
[  6050 Steps] Train Loss:   0.233, Train accuracy: 1.00000(   5.621 sec/batch)
[  6060 Steps] Train Loss:   0.290, Train accuracy: 0.98438(   5.821 sec/batch)
[  6070 Steps] Train Loss:   0.232, Train accuracy: 1.00000(   5.561 sec/batch)
[  6080 Steps] Train Loss:   0.236, Train accuracy: 1.00000(   5.674 sec/batch)
[  6090 Steps] Train Loss:   0.232, Train accuracy: 1.00000(   5.656 sec/batch)
[  6100 Steps] Train Loss:   0.232, Train accuracy: 1.00000(   5.570 sec/batch)
Testing......
[  6100 Steps] Average Test accuracy: 0.49688
[  6110 Steps] Train Loss:   0.234, Train accuracy: 1.00000(   5.746 sec/batch)
[  6120 Steps] Train Loss:   0.231, Train accuracy: 1.00000(   5.584 sec/batch)
[  6130 Steps] Train Loss:   0.230, Train accuracy: 1.00000(   5.729 sec/batch)
[  6140 Steps] Train Loss:   0.230, Train accuracy: 1.00000(   5.573 sec/batch)
[  6150 Steps] Train Loss:   0.231, Train accuracy: 1.00000(   5.568 sec/batch)
[  6160 Steps] Train Loss:   0.229, Train accuracy: 1.00000(   5.578 sec/batch)
[  6170 Steps] Train Loss:   0.229, Train accuracy: 1.00000(   5.598 sec/batch)
[  6180 Steps] Train Loss:   0.229, Train accuracy: 1.00000(   5.569 sec/batch)
[  6190 Steps] Train Loss:   0.237, Train accuracy: 1.00000(   5.602 sec/batch)
[  6200 Steps] Train Loss:   0.303, Train accuracy: 0.96875(   5.541 sec/batch)
Testing......
[  6200 Steps] Average Test accuracy: 0.50625
[  6210 Steps] Train Loss:   0.227, Train accuracy: 1.00000(   5.604 sec/batch)
[  6220 Steps] Train Loss:   0.227, Train accuracy: 1.00000(   5.556 sec/batch)
[  6230 Steps] Train Loss:   0.226, Train accuracy: 1.00000(   5.560 sec/batch)
[  6240 Steps] Train Loss:   0.228, Train accuracy: 1.00000(   5.731 sec/batch)
[  6250 Steps] Train Loss:   0.227, Train accuracy: 1.00000(   5.598 sec/batch)
[  6260 Steps] Train Loss:   0.226, Train accuracy: 1.00000(   5.544 sec/batch)
[  6270 Steps] Train Loss:   0.224, Train accuracy: 1.00000(   5.617 sec/batch)
[  6280 Steps] Train Loss:   0.224, Train accuracy: 1.00000(   5.610 sec/batch)
[  6290 Steps] Train Loss:   0.224, Train accuracy: 1.00000(   5.587 sec/batch)
[  6300 Steps] Train Loss:   0.223, Train accuracy: 1.00000(   5.563 sec/batch)
Testing......
[  6300 Steps] Average Test accuracy: 0.50469
[  6310 Steps] Train Loss:   0.224, Train accuracy: 1.00000(   5.618 sec/batch)
[  6320 Steps] Train Loss:   0.225, Train accuracy: 1.00000(   5.599 sec/batch)
[  6330 Steps] Train Loss:   0.223, Train accuracy: 1.00000(   5.612 sec/batch)
[  6340 Steps] Train Loss:   0.222, Train accuracy: 1.00000(   5.571 sec/batch)
[  6350 Steps] Train Loss:   0.222, Train accuracy: 1.00000(   5.558 sec/batch)
[  6360 Steps] Train Loss:   0.223, Train accuracy: 1.00000(   5.595 sec/batch)
[  6370 Steps] Train Loss:   0.221, Train accuracy: 1.00000(   5.609 sec/batch)
[  6380 Steps] Train Loss:   0.225, Train accuracy: 1.00000(   5.666 sec/batch)
[  6390 Steps] Train Loss:   0.229, Train accuracy: 1.00000(   5.584 sec/batch)
[  6400 Steps] Train Loss:   0.221, Train accuracy: 1.00000(   5.619 sec/batch)
Testing......
[  6400 Steps] Average Test accuracy: 0.46875
[  6410 Steps] Train Loss:   0.221, Train accuracy: 1.00000(   5.711 sec/batch)
[  6420 Steps] Train Loss:   0.226, Train accuracy: 1.00000(   5.614 sec/batch)
[  6430 Steps] Train Loss:   0.220, Train accuracy: 1.00000(   5.602 sec/batch)
[  6440 Steps] Train Loss:   0.219, Train accuracy: 1.00000(   5.579 sec/batch)
[  6450 Steps] Train Loss:   0.220, Train accuracy: 1.00000(   5.595 sec/batch)
[  6460 Steps] Train Loss:   0.218, Train accuracy: 1.00000(   5.604 sec/batch)
[  6470 Steps] Train Loss:   0.224, Train accuracy: 1.00000(   5.566 sec/batch)
[  6480 Steps] Train Loss:   0.225, Train accuracy: 1.00000(   5.604 sec/batch)
[  6490 Steps] Train Loss:   0.219, Train accuracy: 1.00000(   5.628 sec/batch)
[  6500 Steps] Train Loss:   0.220, Train accuracy: 1.00000(   5.570 sec/batch)
Testing......
[  6500 Steps] Average Test accuracy: 0.49844
[  6510 Steps] Train Loss:   0.216, Train accuracy: 1.00000(   5.582 sec/batch)
[  6520 Steps] Train Loss:   0.215, Train accuracy: 1.00000(   5.591 sec/batch)
[  6530 Steps] Train Loss:   0.215, Train accuracy: 1.00000(   5.563 sec/batch)
[  6540 Steps] Train Loss:   0.215, Train accuracy: 1.00000(   5.642 sec/batch)
[  6550 Steps] Train Loss:   0.264, Train accuracy: 0.98438(   5.606 sec/batch)
[  6560 Steps] Train Loss:   0.226, Train accuracy: 1.00000(   5.752 sec/batch)
[  6570 Steps] Train Loss:   0.215, Train accuracy: 1.00000(   5.572 sec/batch)
[  6580 Steps] Train Loss:   0.213, Train accuracy: 1.00000(   5.530 sec/batch)
[  6590 Steps] Train Loss:   0.216, Train accuracy: 1.00000(   5.716 sec/batch)
[  6600 Steps] Train Loss:   0.213, Train accuracy: 1.00000(   5.567 sec/batch)
Testing......
[  6600 Steps] Average Test accuracy: 0.48906
[  6610 Steps] Train Loss:   0.226, Train accuracy: 1.00000(   5.809 sec/batch)
[  6620 Steps] Train Loss:   0.213, Train accuracy: 1.00000(   5.603 sec/batch)
[  6630 Steps] Train Loss:   0.211, Train accuracy: 1.00000(   5.536 sec/batch)
[  6640 Steps] Train Loss:   0.211, Train accuracy: 1.00000(   5.604 sec/batch)
[  6650 Steps] Train Loss:   0.213, Train accuracy: 1.00000(   5.663 sec/batch)
[  6660 Steps] Train Loss:   0.210, Train accuracy: 1.00000(   5.636 sec/batch)
[  6670 Steps] Train Loss:   0.210, Train accuracy: 1.00000(   5.615 sec/batch)
[  6680 Steps] Train Loss:   0.209, Train accuracy: 1.00000(   5.566 sec/batch)
[  6690 Steps] Train Loss:   0.210, Train accuracy: 1.00000(   5.617 sec/batch)
[  6700 Steps] Train Loss:   0.210, Train accuracy: 1.00000(   5.668 sec/batch)
Testing......
[  6700 Steps] Average Test accuracy: 0.50625
[  6710 Steps] Train Loss:   0.215, Train accuracy: 1.00000(   5.594 sec/batch)
[  6720 Steps] Train Loss:   0.208, Train accuracy: 1.00000(   5.609 sec/batch)
[  6730 Steps] Train Loss:   0.208, Train accuracy: 1.00000(   5.541 sec/batch)
[  6740 Steps] Train Loss:   0.208, Train accuracy: 1.00000(   5.620 sec/batch)
[  6750 Steps] Train Loss:   0.210, Train accuracy: 1.00000(   5.633 sec/batch)
[  6760 Steps] Train Loss:   0.209, Train accuracy: 1.00000(   5.650 sec/batch)
[  6770 Steps] Train Loss:   0.208, Train accuracy: 1.00000(   5.507 sec/batch)
[  6780 Steps] Train Loss:   0.207, Train accuracy: 1.00000(   5.561 sec/batch)
[  6790 Steps] Train Loss:   0.205, Train accuracy: 1.00000(   5.606 sec/batch)
[  6800 Steps] Train Loss:   0.207, Train accuracy: 1.00000(   5.595 sec/batch)
Testing......
[  6800 Steps] Average Test accuracy: 0.49688
[  6810 Steps] Train Loss:   0.205, Train accuracy: 1.00000(   5.665 sec/batch)
[  6820 Steps] Train Loss:   0.207, Train accuracy: 1.00000(   5.619 sec/batch)
[  6830 Steps] Train Loss:   0.204, Train accuracy: 1.00000(   5.623 sec/batch)
[  6840 Steps] Train Loss:   0.205, Train accuracy: 1.00000(   5.531 sec/batch)
[  6850 Steps] Train Loss:   0.203, Train accuracy: 1.00000(   5.565 sec/batch)
[  6860 Steps] Train Loss:   0.207, Train accuracy: 1.00000(   5.582 sec/batch)
[  6870 Steps] Train Loss:   0.203, Train accuracy: 1.00000(   5.572 sec/batch)
[  6880 Steps] Train Loss:   0.202, Train accuracy: 1.00000(   5.570 sec/batch)
[  6890 Steps] Train Loss:   0.212, Train accuracy: 1.00000(   5.566 sec/batch)
[  6900 Steps] Train Loss:   0.202, Train accuracy: 1.00000(   5.592 sec/batch)
Testing......
[  6900 Steps] Average Test accuracy: 0.48281
[  6910 Steps] Train Loss:   0.203, Train accuracy: 1.00000(   5.564 sec/batch)
[  6920 Steps] Train Loss:   0.205, Train accuracy: 1.00000(   5.591 sec/batch)
[  6930 Steps] Train Loss:   0.202, Train accuracy: 1.00000(   5.578 sec/batch)
[  6940 Steps] Train Loss:   0.202, Train accuracy: 1.00000(   5.545 sec/batch)
[  6950 Steps] Train Loss:   0.200, Train accuracy: 1.00000(   5.579 sec/batch)
[  6960 Steps] Train Loss:   0.200, Train accuracy: 1.00000(   5.607 sec/batch)
[  6970 Steps] Train Loss:   0.199, Train accuracy: 1.00000(   5.728 sec/batch)
[  6980 Steps] Train Loss:   0.199, Train accuracy: 1.00000(   5.585 sec/batch)
[  6990 Steps] Train Loss:   0.200, Train accuracy: 1.00000(   5.594 sec/batch)
[  7000 Steps] Train Loss:   0.198, Train accuracy: 1.00000(   5.612 sec/batch)
Testing......
[  7000 Steps] Average Test accuracy: 0.50625
[  7010 Steps] Train Loss:   0.201, Train accuracy: 1.00000(   5.609 sec/batch)
[  7020 Steps] Train Loss:   0.203, Train accuracy: 1.00000(   5.553 sec/batch)
[  7030 Steps] Train Loss:   0.197, Train accuracy: 1.00000(   5.602 sec/batch)
[  7040 Steps] Train Loss:   0.197, Train accuracy: 1.00000(   5.548 sec/batch)
[  7050 Steps] Train Loss:   0.200, Train accuracy: 1.00000(   5.590 sec/batch)
[  7060 Steps] Train Loss:   0.196, Train accuracy: 1.00000(   5.766 sec/batch)
[  7070 Steps] Train Loss:   0.196, Train accuracy: 1.00000(   5.529 sec/batch)
[  7080 Steps] Train Loss:   0.195, Train accuracy: 1.00000(   5.758 sec/batch)
[  7090 Steps] Train Loss:   0.195, Train accuracy: 1.00000(   5.604 sec/batch)
[  7100 Steps] Train Loss:   0.195, Train accuracy: 1.00000(   5.627 sec/batch)
Testing......
[  7100 Steps] Average Test accuracy: 0.48281
[  7110 Steps] Train Loss:   0.194, Train accuracy: 1.00000(   5.845 sec/batch)
[  7120 Steps] Train Loss:   0.194, Train accuracy: 1.00000(   5.635 sec/batch)
[  7130 Steps] Train Loss:   0.194, Train accuracy: 1.00000(   5.584 sec/batch)
[  7140 Steps] Train Loss:   0.198, Train accuracy: 1.00000(   5.590 sec/batch)
[  7150 Steps] Train Loss:   0.197, Train accuracy: 1.00000(   5.625 sec/batch)
[  7160 Steps] Train Loss:   0.192, Train accuracy: 1.00000(   5.566 sec/batch)
[  7170 Steps] Train Loss:   0.193, Train accuracy: 1.00000(   5.571 sec/batch)
[  7180 Steps] Train Loss:   0.192, Train accuracy: 1.00000(   5.555 sec/batch)
[  7190 Steps] Train Loss:   0.197, Train accuracy: 1.00000(   5.565 sec/batch)
[  7200 Steps] Train Loss:   0.191, Train accuracy: 1.00000(   5.582 sec/batch)
Testing......
[  7200 Steps] Average Test accuracy: 0.50469
[  7210 Steps] Train Loss:   0.191, Train accuracy: 1.00000(   5.612 sec/batch)
[  7220 Steps] Train Loss:   0.195, Train accuracy: 1.00000(   5.562 sec/batch)
[  7230 Steps] Train Loss:   0.191, Train accuracy: 1.00000(   5.525 sec/batch)
[  7240 Steps] Train Loss:   0.193, Train accuracy: 1.00000(   5.573 sec/batch)
[  7250 Steps] Train Loss:   0.190, Train accuracy: 1.00000(   5.586 sec/batch)
[  7260 Steps] Train Loss:   0.190, Train accuracy: 1.00000(   5.569 sec/batch)
[  7270 Steps] Train Loss:   0.192, Train accuracy: 1.00000(   5.583 sec/batch)
[  7280 Steps] Train Loss:   0.189, Train accuracy: 1.00000(   5.584 sec/batch)
[  7290 Steps] Train Loss:   0.188, Train accuracy: 1.00000(   5.675 sec/batch)
[  7300 Steps] Train Loss:   0.188, Train accuracy: 1.00000(   5.547 sec/batch)
Testing......
[  7300 Steps] Average Test accuracy: 0.50625
[  7310 Steps] Train Loss:   0.192, Train accuracy: 1.00000(   5.586 sec/batch)
[  7320 Steps] Train Loss:   0.187, Train accuracy: 1.00000(   5.581 sec/batch)
[  7330 Steps] Train Loss:   0.187, Train accuracy: 1.00000(   5.540 sec/batch)
[  7340 Steps] Train Loss:   0.187, Train accuracy: 1.00000(   5.694 sec/batch)
[  7350 Steps] Train Loss:   0.186, Train accuracy: 1.00000(   5.581 sec/batch)
[  7360 Steps] Train Loss:   0.187, Train accuracy: 1.00000(   5.573 sec/batch)
[  7370 Steps] Train Loss:   0.186, Train accuracy: 1.00000(   5.634 sec/batch)
[  7380 Steps] Train Loss:   0.185, Train accuracy: 1.00000(   5.546 sec/batch)
[  7390 Steps] Train Loss:   0.185, Train accuracy: 1.00000(   5.566 sec/batch)
[  7400 Steps] Train Loss:   0.184, Train accuracy: 1.00000(   5.582 sec/batch)
Testing......
[  7400 Steps] Average Test accuracy: 0.49062
[  7410 Steps] Train Loss:   0.184, Train accuracy: 1.00000(   5.594 sec/batch)
[  7420 Steps] Train Loss:   0.184, Train accuracy: 1.00000(   5.594 sec/batch)
[  7430 Steps] Train Loss:   0.184, Train accuracy: 1.00000(   5.612 sec/batch)
[  7440 Steps] Train Loss:   0.185, Train accuracy: 1.00000(   5.561 sec/batch)
[  7450 Steps] Train Loss:   0.183, Train accuracy: 1.00000(   5.666 sec/batch)
[  7460 Steps] Train Loss:   0.184, Train accuracy: 1.00000(   5.574 sec/batch)
[  7470 Steps] Train Loss:   0.182, Train accuracy: 1.00000(   5.583 sec/batch)
[  7480 Steps] Train Loss:   0.182, Train accuracy: 1.00000(   5.568 sec/batch)
[  7490 Steps] Train Loss:   0.189, Train accuracy: 1.00000(   5.630 sec/batch)
[  7500 Steps] Train Loss:   0.182, Train accuracy: 1.00000(   5.632 sec/batch)
Testing......
[  7500 Steps] Average Test accuracy: 0.50781
[  7510 Steps] Train Loss:   0.182, Train accuracy: 1.00000(   5.611 sec/batch)
[  7520 Steps] Train Loss:   0.184, Train accuracy: 1.00000(   5.529 sec/batch)
[  7530 Steps] Train Loss:   0.185, Train accuracy: 1.00000(   5.789 sec/batch)
[  7540 Steps] Train Loss:   0.185, Train accuracy: 1.00000(   5.569 sec/batch)
[  7550 Steps] Train Loss:   0.181, Train accuracy: 1.00000(   5.615 sec/batch)
[  7560 Steps] Train Loss:   0.188, Train accuracy: 1.00000(   5.858 sec/batch)
[  7570 Steps] Train Loss:   0.181, Train accuracy: 1.00000(   5.605 sec/batch)
[  7580 Steps] Train Loss:   0.180, Train accuracy: 1.00000(   5.867 sec/batch)
[  7590 Steps] Train Loss:   0.179, Train accuracy: 1.00000(   5.598 sec/batch)
[  7600 Steps] Train Loss:   0.179, Train accuracy: 1.00000(   5.562 sec/batch)
Testing......
[  7600 Steps] Average Test accuracy: 0.49844
[  7610 Steps] Train Loss:   0.178, Train accuracy: 1.00000(   5.781 sec/batch)
[  7620 Steps] Train Loss:   0.177, Train accuracy: 1.00000(   5.605 sec/batch)
[  7630 Steps] Train Loss:   0.177, Train accuracy: 1.00000(   5.686 sec/batch)
[  7640 Steps] Train Loss:   0.177, Train accuracy: 1.00000(   5.627 sec/batch)
[  7650 Steps] Train Loss:   0.176, Train accuracy: 1.00000(   5.549 sec/batch)
[  7660 Steps] Train Loss:   0.176, Train accuracy: 1.00000(   5.594 sec/batch)
[  7670 Steps] Train Loss:   0.177, Train accuracy: 1.00000(   5.599 sec/batch)
[  7680 Steps] Train Loss:   0.176, Train accuracy: 1.00000(   5.758 sec/batch)
[  7690 Steps] Train Loss:   0.175, Train accuracy: 1.00000(   5.613 sec/batch)
[  7700 Steps] Train Loss:   0.175, Train accuracy: 1.00000(   5.589 sec/batch)
Testing......
[  7700 Steps] Average Test accuracy: 0.49062
[  7710 Steps] Train Loss:   0.175, Train accuracy: 1.00000(   5.594 sec/batch)
[  7720 Steps] Train Loss:   0.189, Train accuracy: 0.98438(   5.572 sec/batch)
[  7730 Steps] Train Loss:   0.204, Train accuracy: 0.98438(   5.595 sec/batch)
[  7740 Steps] Train Loss:   0.178, Train accuracy: 1.00000(   5.625 sec/batch)
[  7750 Steps] Train Loss:   0.176, Train accuracy: 1.00000(   5.651 sec/batch)
[  7760 Steps] Train Loss:   0.186, Train accuracy: 1.00000(   5.593 sec/batch)
[  7770 Steps] Train Loss:   0.175, Train accuracy: 1.00000(   5.588 sec/batch)
[  7780 Steps] Train Loss:   0.178, Train accuracy: 1.00000(   5.614 sec/batch)
[  7790 Steps] Train Loss:   0.175, Train accuracy: 1.00000(   5.572 sec/batch)
[  7800 Steps] Train Loss:   0.177, Train accuracy: 1.00000(   5.552 sec/batch)
Testing......
[  7800 Steps] Average Test accuracy: 0.47969
[  7810 Steps] Train Loss:   0.174, Train accuracy: 1.00000(   5.550 sec/batch)
[  7820 Steps] Train Loss:   0.173, Train accuracy: 1.00000(   5.589 sec/batch)
[  7830 Steps] Train Loss:   0.173, Train accuracy: 1.00000(   5.590 sec/batch)
[  7840 Steps] Train Loss:   0.178, Train accuracy: 1.00000(   5.714 sec/batch)
[  7850 Steps] Train Loss:   0.176, Train accuracy: 1.00000(   5.539 sec/batch)
[  7860 Steps] Train Loss:   0.171, Train accuracy: 1.00000(   5.580 sec/batch)
[  7870 Steps] Train Loss:   0.174, Train accuracy: 1.00000(   5.551 sec/batch)
[  7880 Steps] Train Loss:   0.171, Train accuracy: 1.00000(   5.604 sec/batch)
[  7890 Steps] Train Loss:   0.172, Train accuracy: 1.00000(   5.594 sec/batch)
[  7900 Steps] Train Loss:   0.185, Train accuracy: 0.98438(   5.605 sec/batch)
Testing......
[  7900 Steps] Average Test accuracy: 0.48281
[  7910 Steps] Train Loss:   0.170, Train accuracy: 1.00000(   5.581 sec/batch)
[  7920 Steps] Train Loss:   0.180, Train accuracy: 1.00000(   5.570 sec/batch)
[  7930 Steps] Train Loss:   0.171, Train accuracy: 1.00000(   5.568 sec/batch)
[  7940 Steps] Train Loss:   0.169, Train accuracy: 1.00000(   5.735 sec/batch)
[  7950 Steps] Train Loss:   0.169, Train accuracy: 1.00000(   5.549 sec/batch)
[  7960 Steps] Train Loss:   0.169, Train accuracy: 1.00000(   5.535 sec/batch)
[  7970 Steps] Train Loss:   0.169, Train accuracy: 1.00000(   5.633 sec/batch)
[  7980 Steps] Train Loss:   0.170, Train accuracy: 1.00000(   5.567 sec/batch)
[  7990 Steps] Train Loss:   0.188, Train accuracy: 1.00000(   5.574 sec/batch)
[  8000 Steps] Train Loss:   0.177, Train accuracy: 1.00000(   5.510 sec/batch)
Testing......
[  8000 Steps] Average Test accuracy: 0.47813
[  8010 Steps] Train Loss:   0.208, Train accuracy: 0.98438(   5.565 sec/batch)
[  8020 Steps] Train Loss:   0.175, Train accuracy: 1.00000(   5.578 sec/batch)
[  8030 Steps] Train Loss:   0.182, Train accuracy: 1.00000(   5.598 sec/batch)
[  8040 Steps] Train Loss:   0.193, Train accuracy: 0.98438(   5.610 sec/batch)
[  8050 Steps] Train Loss:   0.168, Train accuracy: 1.00000(   5.617 sec/batch)
[  8060 Steps] Train Loss:   0.169, Train accuracy: 1.00000(   5.628 sec/batch)
[  8070 Steps] Train Loss:   0.171, Train accuracy: 1.00000(   5.564 sec/batch)
[  8080 Steps] Train Loss:   0.172, Train accuracy: 1.00000(   5.784 sec/batch)
[  8090 Steps] Train Loss:   0.170, Train accuracy: 1.00000(   5.569 sec/batch)
[  8100 Steps] Train Loss:   0.168, Train accuracy: 1.00000(   5.705 sec/batch)
Testing......
[  8100 Steps] Average Test accuracy: 0.48281
[  8110 Steps] Train Loss:   0.167, Train accuracy: 1.00000(   5.580 sec/batch)
[  8120 Steps] Train Loss:   0.200, Train accuracy: 0.98438(   5.583 sec/batch)
[  8130 Steps] Train Loss:   0.185, Train accuracy: 0.98438(   5.801 sec/batch)
[  8140 Steps] Train Loss:   0.170, Train accuracy: 1.00000(   5.567 sec/batch)
[  8150 Steps] Train Loss:   0.168, Train accuracy: 1.00000(   5.685 sec/batch)
[  8160 Steps] Train Loss:   0.167, Train accuracy: 1.00000(   5.564 sec/batch)
[  8170 Steps] Train Loss:   0.168, Train accuracy: 1.00000(   5.603 sec/batch)
[  8180 Steps] Train Loss:   0.174, Train accuracy: 1.00000(   5.613 sec/batch)
[  8190 Steps] Train Loss:   0.210, Train accuracy: 0.96875(   5.633 sec/batch)
[  8200 Steps] Train Loss:   0.179, Train accuracy: 1.00000(   5.544 sec/batch)
Testing......
[  8200 Steps] Average Test accuracy: 0.49062
[  8210 Steps] Train Loss:   0.168, Train accuracy: 1.00000(   5.581 sec/batch)
[  8220 Steps] Train Loss:   0.187, Train accuracy: 1.00000(   5.575 sec/batch)
[  8230 Steps] Train Loss:   0.171, Train accuracy: 1.00000(   5.593 sec/batch)
[  8240 Steps] Train Loss:   0.172, Train accuracy: 1.00000(   5.576 sec/batch)
[  8250 Steps] Train Loss:   0.189, Train accuracy: 1.00000(   5.593 sec/batch)
[  8260 Steps] Train Loss:   0.170, Train accuracy: 1.00000(   5.662 sec/batch)
[  8270 Steps] Train Loss:   0.167, Train accuracy: 1.00000(   5.615 sec/batch)
[  8280 Steps] Train Loss:   0.166, Train accuracy: 1.00000(   5.570 sec/batch)
[  8290 Steps] Train Loss:   0.167, Train accuracy: 1.00000(   5.626 sec/batch)
[  8300 Steps] Train Loss:   0.191, Train accuracy: 0.98438(   5.625 sec/batch)
Testing......
[  8300 Steps] Average Test accuracy: 0.47656
[  8310 Steps] Train Loss:   0.168, Train accuracy: 1.00000(   5.570 sec/batch)
[  8320 Steps] Train Loss:   0.164, Train accuracy: 1.00000(   5.716 sec/batch)
[  8330 Steps] Train Loss:   0.174, Train accuracy: 1.00000(   5.564 sec/batch)
[  8340 Steps] Train Loss:   0.163, Train accuracy: 1.00000(   5.622 sec/batch)
[  8350 Steps] Train Loss:   0.163, Train accuracy: 1.00000(   5.600 sec/batch)
[  8360 Steps] Train Loss:   0.163, Train accuracy: 1.00000(   5.574 sec/batch)
[  8370 Steps] Train Loss:   0.166, Train accuracy: 1.00000(   5.529 sec/batch)
[  8380 Steps] Train Loss:   0.175, Train accuracy: 1.00000(   5.605 sec/batch)
[  8390 Steps] Train Loss:   0.169, Train accuracy: 1.00000(   5.642 sec/batch)
[  8400 Steps] Train Loss:   0.191, Train accuracy: 0.98438(   5.559 sec/batch)
Testing......
[  8400 Steps] Average Test accuracy: 0.46875
[  8410 Steps] Train Loss:   0.202, Train accuracy: 0.98438(   5.600 sec/batch)
[  8420 Steps] Train Loss:   0.174, Train accuracy: 1.00000(   5.632 sec/batch)
[  8430 Steps] Train Loss:   0.205, Train accuracy: 0.98438(   5.604 sec/batch)
[  8440 Steps] Train Loss:   0.166, Train accuracy: 1.00000(   5.590 sec/batch)
[  8450 Steps] Train Loss:   0.174, Train accuracy: 1.00000(   5.786 sec/batch)
[  8460 Steps] Train Loss:   0.172, Train accuracy: 1.00000(   5.644 sec/batch)
[  8470 Steps] Train Loss:   0.170, Train accuracy: 1.00000(   5.663 sec/batch)
[  8480 Steps] Train Loss:   0.166, Train accuracy: 1.00000(   5.574 sec/batch)
[  8490 Steps] Train Loss:   0.174, Train accuracy: 1.00000(   5.588 sec/batch)
[  8500 Steps] Train Loss:   0.166, Train accuracy: 1.00000(   5.708 sec/batch)
Testing......
[  8500 Steps] Average Test accuracy: 0.50313
[  8510 Steps] Train Loss:   0.171, Train accuracy: 1.00000(   5.661 sec/batch)
[  8520 Steps] Train Loss:   0.198, Train accuracy: 1.00000(   5.608 sec/batch)
[  8530 Steps] Train Loss:   0.164, Train accuracy: 1.00000(   5.689 sec/batch)
[  8540 Steps] Train Loss:   0.162, Train accuracy: 1.00000(   5.664 sec/batch)
[  8550 Steps] Train Loss:   0.163, Train accuracy: 1.00000(   5.714 sec/batch)
[  8560 Steps] Train Loss:   0.161, Train accuracy: 1.00000(   5.847 sec/batch)
[  8570 Steps] Train Loss:   0.161, Train accuracy: 1.00000(   5.632 sec/batch)
[  8580 Steps] Train Loss:   0.166, Train accuracy: 1.00000(   5.631 sec/batch)
[  8590 Steps] Train Loss:   0.166, Train accuracy: 1.00000(   5.613 sec/batch)
[  8600 Steps] Train Loss:   0.161, Train accuracy: 1.00000(   5.568 sec/batch)
Testing......
[  8600 Steps] Average Test accuracy: 0.48281
[  8610 Steps] Train Loss:   0.161, Train accuracy: 1.00000(   5.753 sec/batch)
[  8620 Steps] Train Loss:   0.161, Train accuracy: 1.00000(   5.597 sec/batch)
[  8630 Steps] Train Loss:   0.170, Train accuracy: 1.00000(   5.589 sec/batch)
[  8640 Steps] Train Loss:   0.159, Train accuracy: 1.00000(   5.537 sec/batch)
[  8650 Steps] Train Loss:   0.160, Train accuracy: 1.00000(   5.646 sec/batch)
[  8660 Steps] Train Loss:   0.159, Train accuracy: 1.00000(   5.619 sec/batch)
[  8670 Steps] Train Loss:   0.158, Train accuracy: 1.00000(   5.732 sec/batch)
[  8680 Steps] Train Loss:   0.158, Train accuracy: 1.00000(   5.624 sec/batch)
[  8690 Steps] Train Loss:   0.191, Train accuracy: 0.98438(   5.548 sec/batch)
[  8700 Steps] Train Loss:   0.159, Train accuracy: 1.00000(   5.661 sec/batch)
Testing......
[  8700 Steps] Average Test accuracy: 0.45000
[  8710 Steps] Train Loss:   0.158, Train accuracy: 1.00000(   5.597 sec/batch)
[  8720 Steps] Train Loss:   0.157, Train accuracy: 1.00000(   5.554 sec/batch)
[  8730 Steps] Train Loss:   0.157, Train accuracy: 1.00000(   5.597 sec/batch)
[  8740 Steps] Train Loss:   0.159, Train accuracy: 1.00000(   5.679 sec/batch)
[  8750 Steps] Train Loss:   0.165, Train accuracy: 1.00000(   5.620 sec/batch)
[  8760 Steps] Train Loss:   0.157, Train accuracy: 1.00000(   5.616 sec/batch)
[  8770 Steps] Train Loss:   0.156, Train accuracy: 1.00000(   5.617 sec/batch)
[  8780 Steps] Train Loss:   0.157, Train accuracy: 1.00000(   5.579 sec/batch)
[  8790 Steps] Train Loss:   0.156, Train accuracy: 1.00000(   5.617 sec/batch)
[  8800 Steps] Train Loss:   0.156, Train accuracy: 1.00000(   5.637 sec/batch)
Testing......
[  8800 Steps] Average Test accuracy: 0.47656
[  8810 Steps] Train Loss:   0.156, Train accuracy: 1.00000(   5.605 sec/batch)
[  8820 Steps] Train Loss:   0.156, Train accuracy: 1.00000(   5.650 sec/batch)
[  8830 Steps] Train Loss:   0.158, Train accuracy: 1.00000(   5.655 sec/batch)
[  8840 Steps] Train Loss:   0.162, Train accuracy: 1.00000(   5.593 sec/batch)
[  8850 Steps] Train Loss:   0.167, Train accuracy: 1.00000(   5.536 sec/batch)
[  8860 Steps] Train Loss:   0.213, Train accuracy: 0.96875(   5.596 sec/batch)
[  8870 Steps] Train Loss:   0.156, Train accuracy: 1.00000(   5.714 sec/batch)
[  8880 Steps] Train Loss:   0.156, Train accuracy: 1.00000(   5.651 sec/batch)
[  8890 Steps] Train Loss:   0.155, Train accuracy: 1.00000(   5.599 sec/batch)
[  8900 Steps] Train Loss:   0.165, Train accuracy: 1.00000(   5.561 sec/batch)
Testing......
[  8900 Steps] Average Test accuracy: 0.45312
[  8910 Steps] Train Loss:   0.203, Train accuracy: 0.98438(   5.549 sec/batch)
[  8920 Steps] Train Loss:   0.161, Train accuracy: 1.00000(   5.551 sec/batch)
[  8930 Steps] Train Loss:   0.168, Train accuracy: 1.00000(   5.683 sec/batch)
[  8940 Steps] Train Loss:   0.154, Train accuracy: 1.00000(   5.593 sec/batch)
[  8950 Steps] Train Loss:   0.199, Train accuracy: 0.98438(   5.700 sec/batch)
[  8960 Steps] Train Loss:   0.163, Train accuracy: 1.00000(   5.569 sec/batch)
[  8970 Steps] Train Loss:   0.155, Train accuracy: 1.00000(   5.610 sec/batch)
[  8980 Steps] Train Loss:   0.167, Train accuracy: 1.00000(   5.605 sec/batch)
[  8990 Steps] Train Loss:   0.159, Train accuracy: 1.00000(   5.842 sec/batch)
[  9000 Steps] Train Loss:   0.163, Train accuracy: 1.00000(   5.653 sec/batch)
Testing......
[  9000 Steps] Average Test accuracy: 0.44531
[  9010 Steps] Train Loss:   0.220, Train accuracy: 0.96875(   5.604 sec/batch)
[  9020 Steps] Train Loss:   0.156, Train accuracy: 1.00000(   5.666 sec/batch)
[  9030 Steps] Train Loss:   0.159, Train accuracy: 1.00000(   5.653 sec/batch)
[  9040 Steps] Train Loss:   0.165, Train accuracy: 1.00000(   5.825 sec/batch)
[  9050 Steps] Train Loss:   0.156, Train accuracy: 1.00000(   5.723 sec/batch)
[  9060 Steps] Train Loss:   0.159, Train accuracy: 1.00000(   5.650 sec/batch)
[  9070 Steps] Train Loss:   0.156, Train accuracy: 1.00000(   5.556 sec/batch)
[  9080 Steps] Train Loss:   0.157, Train accuracy: 1.00000(   5.621 sec/batch)
[  9090 Steps] Train Loss:   0.155, Train accuracy: 1.00000(   5.591 sec/batch)
[  9100 Steps] Train Loss:   0.193, Train accuracy: 0.98438(   5.635 sec/batch)
Testing......
[  9100 Steps] Average Test accuracy: 0.48125
[  9110 Steps] Train Loss:   0.169, Train accuracy: 1.00000(   5.617 sec/batch)
[  9120 Steps] Train Loss:   0.156, Train accuracy: 1.00000(   5.566 sec/batch)
[  9130 Steps] Train Loss:   0.153, Train accuracy: 1.00000(   5.570 sec/batch)
[  9140 Steps] Train Loss:   0.156, Train accuracy: 1.00000(   5.579 sec/batch)
[  9150 Steps] Train Loss:   0.152, Train accuracy: 1.00000(   5.557 sec/batch)
[  9160 Steps] Train Loss:   0.153, Train accuracy: 1.00000(   5.607 sec/batch)
[  9170 Steps] Train Loss:   0.160, Train accuracy: 1.00000(   5.549 sec/batch)
[  9180 Steps] Train Loss:   0.156, Train accuracy: 1.00000(   5.577 sec/batch)
[  9190 Steps] Train Loss:   0.153, Train accuracy: 1.00000(   5.586 sec/batch)
[  9200 Steps] Train Loss:   0.155, Train accuracy: 1.00000(   5.550 sec/batch)
Testing......
[  9200 Steps] Average Test accuracy: 0.47656
[  9210 Steps] Train Loss:   0.152, Train accuracy: 1.00000(   5.635 sec/batch)
[  9220 Steps] Train Loss:   0.154, Train accuracy: 1.00000(   5.694 sec/batch)
[  9230 Steps] Train Loss:   0.153, Train accuracy: 1.00000(   5.539 sec/batch)
[  9240 Steps] Train Loss:   0.150, Train accuracy: 1.00000(   5.600 sec/batch)
[  9250 Steps] Train Loss:   0.151, Train accuracy: 1.00000(   5.555 sec/batch)
[  9260 Steps] Train Loss:   0.150, Train accuracy: 1.00000(   5.582 sec/batch)
[  9270 Steps] Train Loss:   0.150, Train accuracy: 1.00000(   5.562 sec/batch)
[  9280 Steps] Train Loss:   0.150, Train accuracy: 1.00000(   5.651 sec/batch)
[  9290 Steps] Train Loss:   0.149, Train accuracy: 1.00000(   5.538 sec/batch)
[  9300 Steps] Train Loss:   0.149, Train accuracy: 1.00000(   5.573 sec/batch)
Testing......
[  9300 Steps] Average Test accuracy: 0.51719
[  9310 Steps] Train Loss:   0.150, Train accuracy: 1.00000(   5.581 sec/batch)
[  9320 Steps] Train Loss:   0.148, Train accuracy: 1.00000(   5.581 sec/batch)
[  9330 Steps] Train Loss:   0.154, Train accuracy: 1.00000(   5.554 sec/batch)
[  9340 Steps] Train Loss:   0.150, Train accuracy: 1.00000(   5.621 sec/batch)
[  9350 Steps] Train Loss:   0.149, Train accuracy: 1.00000(   5.681 sec/batch)
[  9360 Steps] Train Loss:   0.148, Train accuracy: 1.00000(   5.537 sec/batch)
[  9370 Steps] Train Loss:   0.147, Train accuracy: 1.00000(   5.589 sec/batch)
[  9380 Steps] Train Loss:   0.148, Train accuracy: 1.00000(   5.609 sec/batch)
[  9390 Steps] Train Loss:   0.147, Train accuracy: 1.00000(   5.600 sec/batch)
[  9400 Steps] Train Loss:   0.161, Train accuracy: 0.98438(   5.515 sec/batch)
Testing......
[  9400 Steps] Average Test accuracy: 0.49844
[  9410 Steps] Train Loss:   0.146, Train accuracy: 1.00000(   5.562 sec/batch)
[  9420 Steps] Train Loss:   0.147, Train accuracy: 1.00000(   5.607 sec/batch)
[  9430 Steps] Train Loss:   0.146, Train accuracy: 1.00000(   5.653 sec/batch)
[  9440 Steps] Train Loss:   0.150, Train accuracy: 1.00000(   5.651 sec/batch)
[  9450 Steps] Train Loss:   0.145, Train accuracy: 1.00000(   5.626 sec/batch)
[  9460 Steps] Train Loss:   0.147, Train accuracy: 1.00000(   5.612 sec/batch)
[  9470 Steps] Train Loss:   0.145, Train accuracy: 1.00000(   5.579 sec/batch)
[  9480 Steps] Train Loss:   0.147, Train accuracy: 1.00000(   5.590 sec/batch)
[  9490 Steps] Train Loss:   0.146, Train accuracy: 1.00000(   5.608 sec/batch)
[  9500 Steps] Train Loss:   0.145, Train accuracy: 1.00000(   5.548 sec/batch)
Testing......
[  9500 Steps] Average Test accuracy: 0.50313
[  9510 Steps] Train Loss:   0.146, Train accuracy: 1.00000(   5.599 sec/batch)
[  9520 Steps] Train Loss:   0.144, Train accuracy: 1.00000(   5.558 sec/batch)
[  9530 Steps] Train Loss:   0.153, Train accuracy: 1.00000(   5.538 sec/batch)
[  9540 Steps] Train Loss:   0.143, Train accuracy: 1.00000(   5.632 sec/batch)
[  9550 Steps] Train Loss:   0.143, Train accuracy: 1.00000(   5.569 sec/batch)
[  9560 Steps] Train Loss:   0.143, Train accuracy: 1.00000(   5.782 sec/batch)
[  9570 Steps] Train Loss:   0.150, Train accuracy: 1.00000(   5.613 sec/batch)
[  9580 Steps] Train Loss:   0.143, Train accuracy: 1.00000(   5.597 sec/batch)
[  9590 Steps] Train Loss:   0.142, Train accuracy: 1.00000(   5.592 sec/batch)
[  9600 Steps] Train Loss:   0.142, Train accuracy: 1.00000(   5.564 sec/batch)
Testing......
[  9600 Steps] Average Test accuracy: 0.48906
[  9610 Steps] Train Loss:   0.143, Train accuracy: 1.00000(   5.761 sec/batch)
[  9620 Steps] Train Loss:   0.151, Train accuracy: 1.00000(   5.595 sec/batch)
[  9630 Steps] Train Loss:   0.142, Train accuracy: 1.00000(   5.559 sec/batch)
[  9640 Steps] Train Loss:   0.145, Train accuracy: 1.00000(   5.573 sec/batch)
[  9650 Steps] Train Loss:   0.143, Train accuracy: 1.00000(   5.645 sec/batch)
[  9660 Steps] Train Loss:   0.142, Train accuracy: 1.00000(   5.587 sec/batch)
[  9670 Steps] Train Loss:   0.157, Train accuracy: 0.98438(   5.603 sec/batch)
[  9680 Steps] Train Loss:   0.144, Train accuracy: 1.00000(   5.665 sec/batch)
[  9690 Steps] Train Loss:   0.141, Train accuracy: 1.00000(   5.604 sec/batch)
[  9700 Steps] Train Loss:   0.140, Train accuracy: 1.00000(   5.575 sec/batch)
Testing......
[  9700 Steps] Average Test accuracy: 0.46875
[  9710 Steps] Train Loss:   0.140, Train accuracy: 1.00000(   5.662 sec/batch)
[  9720 Steps] Train Loss:   0.140, Train accuracy: 1.00000(   5.609 sec/batch)
[  9730 Steps] Train Loss:   0.140, Train accuracy: 1.00000(   5.660 sec/batch)
[  9740 Steps] Train Loss:   0.142, Train accuracy: 1.00000(   5.672 sec/batch)
[  9750 Steps] Train Loss:   0.139, Train accuracy: 1.00000(   5.566 sec/batch)
[  9760 Steps] Train Loss:   0.141, Train accuracy: 1.00000(   5.585 sec/batch)
[  9770 Steps] Train Loss:   0.139, Train accuracy: 1.00000(   5.602 sec/batch)
[  9780 Steps] Train Loss:   0.140, Train accuracy: 1.00000(   5.588 sec/batch)
[  9790 Steps] Train Loss:   0.138, Train accuracy: 1.00000(   5.619 sec/batch)
[  9800 Steps] Train Loss:   0.139, Train accuracy: 1.00000(   5.609 sec/batch)
Testing......
[  9800 Steps] Average Test accuracy: 0.50156
[  9810 Steps] Train Loss:   0.140, Train accuracy: 1.00000(   5.553 sec/batch)
[  9820 Steps] Train Loss:   0.140, Train accuracy: 1.00000(   5.638 sec/batch)
[  9830 Steps] Train Loss:   0.140, Train accuracy: 1.00000(   5.629 sec/batch)
[  9840 Steps] Train Loss:   0.196, Train accuracy: 0.96875(   5.657 sec/batch)
[  9850 Steps] Train Loss:   0.167, Train accuracy: 1.00000(   5.583 sec/batch)
[  9860 Steps] Train Loss:   0.142, Train accuracy: 1.00000(   5.592 sec/batch)
[  9870 Steps] Train Loss:   0.157, Train accuracy: 0.98438(   5.621 sec/batch)
[  9880 Steps] Train Loss:   0.176, Train accuracy: 1.00000(   5.673 sec/batch)
[  9890 Steps] Train Loss:   0.155, Train accuracy: 1.00000(   5.542 sec/batch)
[  9900 Steps] Train Loss:   0.185, Train accuracy: 0.98438(   5.656 sec/batch)
Testing......
[  9900 Steps] Average Test accuracy: 0.48281
[  9910 Steps] Train Loss:   0.211, Train accuracy: 0.98438(   5.599 sec/batch)
[  9920 Steps] Train Loss:   0.141, Train accuracy: 1.00000(   5.606 sec/batch)
[  9930 Steps] Train Loss:   0.139, Train accuracy: 1.00000(   5.556 sec/batch)
[  9940 Steps] Train Loss:   0.200, Train accuracy: 0.98438(   5.632 sec/batch)
[  9950 Steps] Train Loss:   0.139, Train accuracy: 1.00000(   5.642 sec/batch)
[  9960 Steps] Train Loss:   0.141, Train accuracy: 1.00000(   5.619 sec/batch)
[  9970 Steps] Train Loss:   0.153, Train accuracy: 0.98438(   5.788 sec/batch)
[  9980 Steps] Train Loss:   0.144, Train accuracy: 1.00000(   5.608 sec/batch)
[  9990 Steps] Train Loss:   0.139, Train accuracy: 1.00000(   5.797 sec/batch)
